                      :-) GROMACS - gmx mdrun, 2021.5 (-:

                            GROMACS is written by:
     Andrey Alekseenko              Emile Apol              Rossen Apostolov     
         Paul Bauer           Herman J.C. Berendsen           Par Bjelkmar       
       Christian Blau           Viacheslav Bolnykh             Kevin Boyd        
     Aldert van Buuren           Rudi van Drunen             Anton Feenstra      
    Gilles Gouaillardet             Alan Gray               Gerrit Groenhof      
       Anca Hamuraru            Vincent Hindriksen          M. Eric Irrgang      
      Aleksei Iupinov           Christoph Junghans             Joe Jordan        
    Dimitrios Karkoulis            Peter Kasson                Jiri Kraus        
      Carsten Kutzner              Per Larsson              Justin A. Lemkul     
       Viveca Lindahl            Magnus Lundborg             Erik Marklund       
        Pascal Merz             Pieter Meulenhoff            Teemu Murtola       
        Szilard Pall               Sander Pronk              Roland Schulz       
       Michael Shirts            Alexey Shvetsov             Alfons Sijbers      
       Peter Tieleman              Jon Vincent              Teemu Virolainen     
     Christian Wennberg            Maarten Wolf              Artem Zhmurov       
                           and the project leaders:
        Mark Abraham, Berk Hess, Erik Lindahl, and David van der Spoel

Copyright (c) 1991-2000, University of Groningen, The Netherlands.
Copyright (c) 2001-2019, The GROMACS development team at
Uppsala University, Stockholm University and
the Royal Institute of Technology, Sweden.
check out http://www.gromacs.org for more information.

GROMACS is free software; you can redistribute it and/or modify it
under the terms of the GNU Lesser General Public License
as published by the Free Software Foundation; either version 2.1
of the License, or (at your option) any later version.

GROMACS:      gmx mdrun, version 2021.5
Executable:   /home/user01/software/gmx_mpi-2021.5/bin//gmx_mpi
Data prefix:  /home/user01/software/gmx_mpi-2021.5
Working dir:  /home/user01/GIT-repository/02-EXTEND-POINT/example/5VMP
Process ID:   25330
Command line:
  gmx_mpi mdrun -deffnm npt -ntomp 10

GROMACS version:    2021.5
Precision:          mixed
Memory model:       64 bit
MPI library:        MPI
OpenMP support:     enabled (GMX_OPENMP_MAX_THREADS = 64)
GPU support:        CUDA
SIMD instructions:  AVX_512
FFT library:        fftw-3.3.8-sse2-avx-avx2-avx2_128-avx512
RDTSCP usage:       enabled
TNG support:        enabled
Hwloc support:      disabled
Tracing support:    disabled
C compiler:         /usr/bin/cc GNU 8.4.0
C compiler flags:   -mavx512f -mfma -pthread -Wno-missing-field-initializers -fexcess-precision=fast -funroll-all-loops -O3 -DNDEBUG
C++ compiler:       /usr/bin/c++ GNU 8.4.0
C++ compiler flags: -mavx512f -mfma -pthread -Wno-missing-field-initializers -fexcess-precision=fast -funroll-all-loops -fopenmp -O3 -DNDEBUG
CUDA compiler:      /usr/local/cuda/bin/nvcc nvcc: NVIDIA (R) Cuda compiler driver;Copyright (c) 2005-2019 NVIDIA Corporation;Built on Sun_Jul_28_19:07:16_PDT_2019;Cuda compilation tools, release 10.1, V10.1.243
CUDA compiler flags:-std=c++14;-gencode;arch=compute_30,code=sm_30;-gencode;arch=compute_35,code=sm_35;-gencode;arch=compute_37,code=sm_37;-gencode;arch=compute_50,code=sm_50;-gencode;arch=compute_52,code=sm_52;-gencode;arch=compute_60,code=sm_60;-gencode;arch=compute_61,code=sm_61;-gencode;arch=compute_70,code=sm_70;-gencode;arch=compute_75,code=sm_75;-gencode;arch=compute_35,code=compute_35;-gencode;arch=compute_32,code=compute_32;-use_fast_math;-D_FORCE_INLINES;-mavx512f -mfma -pthread -Wno-missing-field-initializers -fexcess-precision=fast -funroll-all-loops -fopenmp -O3 -DNDEBUG
CUDA driver:        11.40
CUDA runtime:       10.10


Running on 1 node with total 4 cores, 8 logical cores, 2 compatible GPUs
Hardware detected on host union (the node of MPI rank 0):
  CPU info:
    Vendor: Intel
    Brand:  Intel(R) Xeon(R) W-2123 CPU @ 3.60GHz
    Family: 6   Model: 85   Stepping: 4
    Features: aes apic avx avx2 avx512f avx512cd avx512bw avx512vl avx512secondFMA clfsh cmov cx8 cx16 f16c fma hle htt intel lahf mmx msr nonstop_tsc pcid pclmuldq pdcm pdpe1gb popcnt pse rdrnd rdtscp rtm sse2 sse3 sse4.1 sse4.2 ssse3 tdt x2apic
    Number of AVX-512 FMA units: 2
  Hardware topology: Basic
    Sockets, cores, and logical processors:
      Socket  0: [   0   4] [   1   5] [   2   6] [   3   7]
  GPU info:
    Number of GPUs detected: 2
    #0: NVIDIA NVIDIA GeForce GTX 1080 Ti, compute cap.: 6.1, ECC:  no, stat: compatible
    #1: NVIDIA NVIDIA GeForce GTX 1080 Ti, compute cap.: 6.1, ECC:  no, stat: compatible


++++ PLEASE READ AND CITE THE FOLLOWING REFERENCE ++++
M. J. Abraham, T. Murtola, R. Schulz, S. Páll, J. C. Smith, B. Hess, E.
Lindahl
GROMACS: High performance molecular simulations through multi-level
parallelism from laptops to supercomputers
SoftwareX 1 (2015) pp. 19-25
-------- -------- --- Thank You --- -------- --------


++++ PLEASE READ AND CITE THE FOLLOWING REFERENCE ++++
S. Páll, M. J. Abraham, C. Kutzner, B. Hess, E. Lindahl
Tackling Exascale Software Challenges in Molecular Dynamics Simulations with
GROMACS
In S. Markidis & E. Laure (Eds.), Solving Software Challenges for Exascale 8759 (2015) pp. 3-27
-------- -------- --- Thank You --- -------- --------


++++ PLEASE READ AND CITE THE FOLLOWING REFERENCE ++++
S. Pronk, S. Páll, R. Schulz, P. Larsson, P. Bjelkmar, R. Apostolov, M. R.
Shirts, J. C. Smith, P. M. Kasson, D. van der Spoel, B. Hess, and E. Lindahl
GROMACS 4.5: a high-throughput and highly parallel open source molecular
simulation toolkit
Bioinformatics 29 (2013) pp. 845-54
-------- -------- --- Thank You --- -------- --------


++++ PLEASE READ AND CITE THE FOLLOWING REFERENCE ++++
B. Hess and C. Kutzner and D. van der Spoel and E. Lindahl
GROMACS 4: Algorithms for highly efficient, load-balanced, and scalable
molecular simulation
J. Chem. Theory Comput. 4 (2008) pp. 435-447
-------- -------- --- Thank You --- -------- --------


++++ PLEASE READ AND CITE THE FOLLOWING REFERENCE ++++
D. van der Spoel, E. Lindahl, B. Hess, G. Groenhof, A. E. Mark and H. J. C.
Berendsen
GROMACS: Fast, Flexible and Free
J. Comp. Chem. 26 (2005) pp. 1701-1719
-------- -------- --- Thank You --- -------- --------


++++ PLEASE READ AND CITE THE FOLLOWING REFERENCE ++++
E. Lindahl and B. Hess and D. van der Spoel
GROMACS 3.0: A package for molecular simulation and trajectory analysis
J. Mol. Mod. 7 (2001) pp. 306-317
-------- -------- --- Thank You --- -------- --------


++++ PLEASE READ AND CITE THE FOLLOWING REFERENCE ++++
H. J. C. Berendsen, D. van der Spoel and R. van Drunen
GROMACS: A message-passing parallel molecular dynamics implementation
Comp. Phys. Comm. 91 (1995) pp. 43-56
-------- -------- --- Thank You --- -------- --------


++++ PLEASE CITE THE DOI FOR THIS VERSION OF GROMACS ++++
https://doi.org/10.5281/zenodo.5850051
-------- -------- --- Thank You --- -------- --------

Input Parameters:
   integrator                     = md
   tinit                          = 0
   dt                             = 0.001
   nsteps                         = 50000
   init-step                      = 0
   simulation-part                = 1
   mts                            = false
   comm-mode                      = Linear
   nstcomm                        = 100
   bd-fric                        = 0
   ld-seed                        = -135823361
   emtol                          = 10
   emstep                         = 0.01
   niter                          = 20
   fcstep                         = 0
   nstcgsteep                     = 1000
   nbfgscorr                      = 10
   rtpi                           = 0.05
   nstxout                        = 0
   nstvout                        = 0
   nstfout                        = 0
   nstlog                         = 500
   nstcalcenergy                  = 100
   nstenergy                      = 0
   nstxout-compressed             = 500
   compressed-x-precision         = 1000
   cutoff-scheme                  = Verlet
   nstlist                        = 10
   pbc                            = xyz
   periodic-molecules             = false
   verlet-buffer-tolerance        = 0.005
   rlist                          = 1
   coulombtype                    = PME
   coulomb-modifier               = Potential-shift
   rcoulomb-switch                = 0
   rcoulomb                       = 1
   epsilon-r                      = 1
   epsilon-rf                     = inf
   vdw-type                       = Cut-off
   vdw-modifier                   = Potential-shift
   rvdw-switch                    = 0
   rvdw                           = 1
   DispCorr                       = EnerPres
   table-extension                = 1
   fourierspacing                 = 0.16
   fourier-nx                     = 60
   fourier-ny                     = 60
   fourier-nz                     = 56
   pme-order                      = 4
   ewald-rtol                     = 1e-05
   ewald-rtol-lj                  = 0.001
   lj-pme-comb-rule               = Geometric
   ewald-geometry                 = 0
   epsilon-surface                = 0
   tcoupl                         = V-rescale
   nsttcouple                     = 10
   nh-chain-length                = 0
   print-nose-hoover-chain-variables = false
   pcoupl                         = Berendsen
   pcoupltype                     = Isotropic
   nstpcouple                     = 10
   tau-p                          = 2
   compressibility (3x3):
      compressibility[    0]={ 4.50000e-05,  0.00000e+00,  0.00000e+00}
      compressibility[    1]={ 0.00000e+00,  4.50000e-05,  0.00000e+00}
      compressibility[    2]={ 0.00000e+00,  0.00000e+00,  4.50000e-05}
   ref-p (3x3):
      ref-p[    0]={ 1.00000e+00,  0.00000e+00,  0.00000e+00}
      ref-p[    1]={ 0.00000e+00,  1.00000e+00,  0.00000e+00}
      ref-p[    2]={ 0.00000e+00,  0.00000e+00,  1.00000e+00}
   refcoord-scaling               = COM
   posres-com (3):
      posres-com[0]= 0.00000e+00
      posres-com[1]= 0.00000e+00
      posres-com[2]= 0.00000e+00
   posres-comB (3):
      posres-comB[0]= 0.00000e+00
      posres-comB[1]= 0.00000e+00
      posres-comB[2]= 0.00000e+00
   QMMM                           = false
qm-opts:
   ngQM                           = 0
   constraint-algorithm           = Lincs
   continuation                   = true
   Shake-SOR                      = false
   shake-tol                      = 0.0001
   lincs-order                    = 4
   lincs-iter                     = 1
   lincs-warnangle                = 30
   nwall                          = 0
   wall-type                      = 9-3
   wall-r-linpot                  = -1
   wall-atomtype[0]               = -1
   wall-atomtype[1]               = -1
   wall-density[0]                = 0
   wall-density[1]                = 0
   wall-ewald-zfac                = 3
   pull                           = false
   awh                            = false
   rotation                       = false
   interactiveMD                  = false
   disre                          = No
   disre-weighting                = Conservative
   disre-mixed                    = false
   dr-fc                          = 1000
   dr-tau                         = 0
   nstdisreout                    = 100
   orire-fc                       = 0
   orire-tau                      = 0
   nstorireout                    = 100
   free-energy                    = no
   cos-acceleration               = 0
   deform (3x3):
      deform[    0]={ 0.00000e+00,  0.00000e+00,  0.00000e+00}
      deform[    1]={ 0.00000e+00,  0.00000e+00,  0.00000e+00}
      deform[    2]={ 0.00000e+00,  0.00000e+00,  0.00000e+00}
   simulated-tempering            = false
   swapcoords                     = no
   userint1                       = 0
   userint2                       = 0
   userint3                       = 0
   userint4                       = 0
   userreal1                      = 0
   userreal2                      = 0
   userreal3                      = 0
   userreal4                      = 0
   applied-forces:
     electric-field:
       x:
         E0                       = 0
         omega                    = 0
         t0                       = 0
         sigma                    = 0
       y:
         E0                       = 0
         omega                    = 0
         t0                       = 0
         sigma                    = 0
       z:
         E0                       = 0
         omega                    = 0
         t0                       = 0
         sigma                    = 0
     density-guided-simulation:
       active                     = false
       group                      = protein
       similarity-measure         = inner-product
       atom-spreading-weight      = unity
       force-constant             = 1e+09
       gaussian-transform-spreading-width = 0.2
       gaussian-transform-spreading-range-in-multiples-of-width = 4
       reference-density-filename = reference.mrc
       nst                        = 1
       normalize-densities        = true
       adaptive-force-scaling     = false
       adaptive-force-scaling-time-constant = 4
       shift-vector               = 
       transformation-matrix      = 
grpopts:
   nrdf:     10877.7      117614
   ref-t:         300         300
   tau-t:         0.1         0.1
annealing:          No          No
annealing-npoints:           0           0
   acc:	           0           0           0
   nfreeze:           N           N           N
   energygrp-flags[  0]: 0

Changing nstlist from 10 to 100, rlist from 1 to 1.097

1 GPU selected for this run.
Mapping of GPU IDs to the 2 GPU tasks in the 1 rank on this node:
  PP:0,PME:0
PP tasks will do (non-perturbed) short-ranged interactions on the GPU
PP task will update and constrain coordinates on the CPU
PME tasks will do all aspects on the GPU
Using 1 MPI process
Using 10 OpenMP threads 


WARNING: On rank 0: oversubscribing the available 8 logical CPU cores per node with 10 threads.
         This will cause considerable performance loss.

NOTE: Oversubscribing the CPU, will not pin threads
System total charge: 0.001
Will do PME sum in reciprocal space for electrostatic interactions.

++++ PLEASE READ AND CITE THE FOLLOWING REFERENCE ++++
U. Essmann, L. Perera, M. L. Berkowitz, T. Darden, H. Lee and L. G. Pedersen 
A smooth particle mesh Ewald method
J. Chem. Phys. 103 (1995) pp. 8577-8592
-------- -------- --- Thank You --- -------- --------

Using a Gaussian width (1/beta) of 0.320163 nm for Ewald
Potential shift: LJ r^-12: -1.000e+00 r^-6: -1.000e+00, Ewald -1.000e-05
Initialized non-bonded Ewald tables, spacing: 9.33e-04 size: 1073

Generated table with 1048 data points for 1-4 COUL.
Tabscale = 500 points/nm
Generated table with 1048 data points for 1-4 LJ6.
Tabscale = 500 points/nm
Generated table with 1048 data points for 1-4 LJ12.
Tabscale = 500 points/nm

Long Range LJ corr.: <C6> 3.1605e-04


Using GPU 8x8 nonbonded short-range kernels

Using a dual 8x8 pair-list setup updated with dynamic, rolling pruning:
  outer list: updated every 100 steps, buffer 0.097 nm, rlist 1.097 nm
  inner list: updated every  24 steps, buffer 0.002 nm, rlist 1.002 nm
At tolerance 0.005 kJ/mol/ps per atom, equivalent classical 1x1 list would be:
  outer list: updated every 100 steps, buffer 0.224 nm, rlist 1.224 nm
  inner list: updated every  24 steps, buffer 0.050 nm, rlist 1.050 nm

Using Lorentz-Berthelot Lennard-Jones combination rule

Initializing LINear Constraint Solver

++++ PLEASE READ AND CITE THE FOLLOWING REFERENCE ++++
B. Hess and H. Bekker and H. J. C. Berendsen and J. G. E. M. Fraaije
LINCS: A Linear Constraint Solver for molecular simulations
J. Comp. Chem. 18 (1997) pp. 1463-1472
-------- -------- --- Thank You --- -------- --------

The number of constraints is 5581

++++ PLEASE READ AND CITE THE FOLLOWING REFERENCE ++++
S. Miyamoto and P. A. Kollman
SETTLE: An Analytical Version of the SHAKE and RATTLE Algorithms for Rigid
Water Models
J. Comp. Chem. 13 (1992) pp. 952-962
-------- -------- --- Thank You --- -------- --------


++++ PLEASE READ AND CITE THE FOLLOWING REFERENCE ++++
G. Bussi, D. Donadio and M. Parrinello
Canonical sampling through velocity rescaling
J. Chem. Phys. 126 (2007) pp. 014101
-------- -------- --- Thank You --- -------- --------

There are: 64283 Atoms
Center of mass motion removal mode is Linear
We have the following groups for center of mass motion removal:
  0:  rest

Started mdrun on rank 0 Mon Apr 10 17:05:03 2023

           Step           Time
              0        0.00000

   Energies (kJ/mol)
          Angle    Proper Dih.  Improper Dih.          LJ-14     Coulomb-14
    1.27941e+04    1.74878e+04    6.94518e+02    5.67628e+03    5.82475e+04
        LJ (SR)  Disper. corr.   Coulomb (SR)   Coul. recip.      Potential
    1.10088e+05   -7.01706e+03   -1.02288e+06    6.59331e+03   -8.18316e+05
    Kinetic En.   Total Energy  Conserved En.    Temperature Pres. DC (bar)
    2.21538e+05   -5.96778e+05   -5.64339e+05    4.14733e+02   -1.49894e+02
 Pressure (bar)   Constr. rmsd
   -5.39022e+04    3.67764e-04

           Step           Time
            500        0.50000

   Energies (kJ/mol)
          Angle    Proper Dih.  Improper Dih.          LJ-14     Coulomb-14
    1.30675e+04    1.74376e+04    7.00522e+02    6.59249e+03    5.98407e+04
        LJ (SR)  Disper. corr.   Coulomb (SR)   Coul. recip.      Potential
    1.10118e+05   -7.11589e+03   -1.02611e+06    6.48862e+03   -8.18983e+05
    Kinetic En.   Total Energy  Conserved En.    Temperature Pres. DC (bar)
    1.58782e+05   -6.60201e+05   -6.15674e+05    2.97250e+02   -1.54141e+02
 Pressure (bar)   Constr. rmsd
   -2.79397e+02    9.41773e-06

           Step           Time
           1000        1.00000

   Energies (kJ/mol)
          Angle    Proper Dih.  Improper Dih.          LJ-14     Coulomb-14
    1.29530e+04    1.75398e+04    7.27322e+02    6.44258e+03    5.96950e+04
        LJ (SR)  Disper. corr.   Coulomb (SR)   Coul. recip.      Potential
    1.10551e+05   -7.13670e+03   -1.02638e+06    6.50851e+03   -8.19096e+05
    Kinetic En.   Total Energy  Conserved En.    Temperature Pres. DC (bar)
    1.59029e+05   -6.60068e+05   -6.15674e+05    2.97711e+02   -1.55042e+02
 Pressure (bar)   Constr. rmsd
   -2.90873e+02    9.47253e-06

           Step           Time
           1500        1.50000

   Energies (kJ/mol)
          Angle    Proper Dih.  Improper Dih.          LJ-14     Coulomb-14
    1.36151e+04    1.75514e+04    7.54127e+02    6.47002e+03    5.97720e+04
        LJ (SR)  Disper. corr.   Coulomb (SR)   Coul. recip.      Potential
    1.11231e+05   -7.15875e+03   -1.02788e+06    6.50857e+03   -8.19138e+05
    Kinetic En.   Total Energy  Conserved En.    Temperature Pres. DC (bar)
    1.59926e+05   -6.59212e+05   -6.15678e+05    2.99391e+02   -1.56000e+02
 Pressure (bar)   Constr. rmsd
   -3.31099e+02    1.07896e-05

           Step           Time
           2000        2.00000

   Energies (kJ/mol)
          Angle    Proper Dih.  Improper Dih.          LJ-14     Coulomb-14
    1.30168e+04    1.75044e+04    7.74076e+02    6.60415e+03    5.97595e+04
        LJ (SR)  Disper. corr.   Coulomb (SR)   Coul. recip.      Potential
    1.10533e+05   -7.17574e+03   -1.02774e+06    6.56106e+03   -8.20167e+05
    Kinetic En.   Total Energy  Conserved En.    Temperature Pres. DC (bar)
    1.59330e+05   -6.60837e+05   -6.15682e+05    2.98275e+02   -1.56740e+02
 Pressure (bar)   Constr. rmsd
   -2.35469e+02    9.23066e-06

step 2300: timed with pme grid 60 60 56, coulomb cutoff 1.000: 821.0 M-cycles
step 2500: timed with pme grid 52 52 52, coulomb cutoff 1.146: 896.7 M-cycles
           Step           Time
           2500        2.50000

   Energies (kJ/mol)
          Angle    Proper Dih.  Improper Dih.          LJ-14     Coulomb-14
    1.34478e+04    1.74054e+04    7.19562e+02    6.45216e+03    5.94513e+04
        LJ (SR)  Disper. corr.   Coulomb (SR)   Coul. recip.      Potential
    1.11332e+05   -7.19483e+03   -1.02440e+06    3.06738e+03   -8.19721e+05
    Kinetic En.   Total Energy  Conserved En.    Temperature Pres. DC (bar)
    1.59256e+05   -6.60466e+05   -6.15650e+05    2.98137e+02   -1.57574e+02
 Pressure (bar)   Constr. rmsd
   -2.72295e+02    8.96696e-06

step 2700: timed with pme grid 48 48 48, coulomb cutoff 1.241: 949.6 M-cycles
step 2900: timed with pme grid 48 52 48, coulomb cutoff 1.206: 926.0 M-cycles
           Step           Time
           3000        3.00000

   Energies (kJ/mol)
          Angle    Proper Dih.  Improper Dih.          LJ-14     Coulomb-14
    1.32915e+04    1.75350e+04    7.54041e+02    6.54311e+03    5.98857e+04
        LJ (SR)  Disper. corr.   Coulomb (SR)   Coul. recip.      Potential
    1.11337e+05   -7.21701e+03   -1.02493e+06    4.10045e+03   -8.18696e+05
    Kinetic En.   Total Energy  Conserved En.    Temperature Pres. DC (bar)
    1.60473e+05   -6.58223e+05   -6.15653e+05    3.00414e+02   -1.58546e+02
 Pressure (bar)   Constr. rmsd
   -2.93894e+02    9.79790e-06

step 3100: timed with pme grid 52 52 48, coulomb cutoff 1.148: 916.8 M-cycles
step 3300: timed with pme grid 52 52 52, coulomb cutoff 1.146: 895.1 M-cycles
step 3500: timed with pme grid 52 56 52, coulomb cutoff 1.113: 873.7 M-cycles
           Step           Time
           3500        3.50000

   Energies (kJ/mol)
          Angle    Proper Dih.  Improper Dih.          LJ-14     Coulomb-14
    1.36274e+04    1.75344e+04    7.26244e+02    6.56161e+03    5.95693e+04
        LJ (SR)  Disper. corr.   Coulomb (SR)   Coul. recip.      Potential
    1.10695e+05   -7.23423e+03   -1.02578e+06    5.27274e+03   -8.19030e+05
    Kinetic En.   Total Energy  Conserved En.    Temperature Pres. DC (bar)
    1.63160e+05   -6.55870e+05   -6.15659e+05    3.05444e+02   -1.59302e+02
 Pressure (bar)   Constr. rmsd
   -2.41295e+02    9.88529e-06

step 3700: timed with pme grid 56 56 52, coulomb cutoff 1.064: 846.4 M-cycles
step 3900: timed with pme grid 56 60 56, coulomb cutoff 1.034: 837.7 M-cycles
           Step           Time
           4000        4.00000

   Energies (kJ/mol)
          Angle    Proper Dih.  Improper Dih.          LJ-14     Coulomb-14
    1.35487e+04    1.75602e+04    7.65902e+02    6.54511e+03    5.96045e+04
        LJ (SR)  Disper. corr.   Coulomb (SR)   Coul. recip.      Potential
    1.11172e+05   -7.25713e+03   -1.02678e+06    6.58827e+03   -8.18252e+05
    Kinetic En.   Total Energy  Conserved En.    Temperature Pres. DC (bar)
    1.60642e+05   -6.57610e+05   -6.15670e+05    3.00732e+02   -1.60311e+02
 Pressure (bar)   Constr. rmsd
   -1.95502e+02    1.02478e-05

step 4100: timed with pme grid 60 60 56, coulomb cutoff 1.000: 848.4 M-cycles
              optimal pme grid 60 60 56, coulomb cutoff 1.000
           Step           Time
           4500        4.50000

   Energies (kJ/mol)
          Angle    Proper Dih.  Improper Dih.          LJ-14     Coulomb-14
    1.34041e+04    1.74862e+04    7.22371e+02    6.48657e+03    5.98433e+04
        LJ (SR)  Disper. corr.   Coulomb (SR)   Coul. recip.      Potential
    1.09658e+05   -7.27811e+03   -1.02488e+06    6.54871e+03   -8.18005e+05
    Kinetic En.   Total Energy  Conserved En.    Temperature Pres. DC (bar)
    1.59965e+05   -6.58040e+05   -6.15666e+05    2.99464e+02   -1.61238e+02
 Pressure (bar)   Constr. rmsd
   -3.28899e+02    9.95633e-06

           Step           Time
           5000        5.00000

   Energies (kJ/mol)
          Angle    Proper Dih.  Improper Dih.          LJ-14     Coulomb-14
    1.34570e+04    1.77277e+04    7.97639e+02    6.52375e+03    5.96021e+04
        LJ (SR)  Disper. corr.   Coulomb (SR)   Coul. recip.      Potential
    1.08355e+05   -7.30391e+03   -1.02247e+06    6.56827e+03   -8.16742e+05
    Kinetic En.   Total Energy  Conserved En.    Temperature Pres. DC (bar)
    1.59953e+05   -6.56789e+05   -6.15664e+05    2.99441e+02   -1.62382e+02
 Pressure (bar)   Constr. rmsd
   -4.23991e+02    1.08615e-05

           Step           Time
           5500        5.50000

   Energies (kJ/mol)
          Angle    Proper Dih.  Improper Dih.          LJ-14     Coulomb-14
    1.33884e+04    1.75058e+04    7.77931e+02    6.53294e+03    5.95655e+04
        LJ (SR)  Disper. corr.   Coulomb (SR)   Coul. recip.      Potential
    1.10916e+05   -7.32898e+03   -1.02614e+06    6.49016e+03   -8.18289e+05
    Kinetic En.   Total Energy  Conserved En.    Temperature Pres. DC (bar)
    1.60144e+05   -6.58146e+05   -6.15672e+05    2.99799e+02   -1.63497e+02
 Pressure (bar)   Constr. rmsd
   -2.88072e+02    9.14405e-06

           Step           Time
           6000        6.00000

   Energies (kJ/mol)
          Angle    Proper Dih.  Improper Dih.          LJ-14     Coulomb-14
    1.32073e+04    1.75487e+04    7.69596e+02    6.47723e+03    5.96020e+04
        LJ (SR)  Disper. corr.   Coulomb (SR)   Coul. recip.      Potential
    1.09879e+05   -7.35397e+03   -1.02469e+06    6.48101e+03   -8.18083e+05
    Kinetic En.   Total Energy  Conserved En.    Temperature Pres. DC (bar)
    1.60664e+05   -6.57419e+05   -6.15681e+05    3.00772e+02   -1.64612e+02
 Pressure (bar)   Constr. rmsd
   -3.55478e+02    1.04414e-05

           Step           Time
           6500        6.50000

   Energies (kJ/mol)
          Angle    Proper Dih.  Improper Dih.          LJ-14     Coulomb-14
    1.34767e+04    1.76488e+04    7.11467e+02    6.48633e+03    5.96301e+04
        LJ (SR)  Disper. corr.   Coulomb (SR)   Coul. recip.      Potential
    1.10420e+05   -7.37898e+03   -1.02687e+06    6.54345e+03   -8.19328e+05
    Kinetic En.   Total Energy  Conserved En.    Temperature Pres. DC (bar)
    1.60368e+05   -6.58961e+05   -6.15678e+05    3.00218e+02   -1.65732e+02
 Pressure (bar)   Constr. rmsd
   -3.48289e+02    1.01331e-05

           Step           Time
           7000        7.00000

   Energies (kJ/mol)
          Angle    Proper Dih.  Improper Dih.          LJ-14     Coulomb-14
    1.32976e+04    1.75002e+04    7.08613e+02    6.53600e+03    5.95812e+04
        LJ (SR)  Disper. corr.   Coulomb (SR)   Coul. recip.      Potential
    1.10217e+05   -7.40228e+03   -1.02794e+06    6.54626e+03   -8.20955e+05
    Kinetic En.   Total Energy  Conserved En.    Temperature Pres. DC (bar)
    1.61246e+05   -6.59709e+05   -6.15688e+05    3.01862e+02   -1.66779e+02
 Pressure (bar)   Constr. rmsd
   -2.98338e+02    1.05777e-05

           Step           Time
           7500        7.50000

   Energies (kJ/mol)
          Angle    Proper Dih.  Improper Dih.          LJ-14     Coulomb-14
    1.29918e+04    1.74108e+04    7.13614e+02    6.65359e+03    5.97617e+04
        LJ (SR)  Disper. corr.   Coulomb (SR)   Coul. recip.      Potential
    1.11697e+05   -7.42471e+03   -1.02802e+06    6.50034e+03   -8.19717e+05
    Kinetic En.   Total Energy  Conserved En.    Temperature Pres. DC (bar)
    1.60427e+05   -6.59290e+05   -6.15689e+05    3.00329e+02   -1.67790e+02
 Pressure (bar)   Constr. rmsd
   -1.57303e+02    9.53068e-06

           Step           Time
           8000        8.00000

   Energies (kJ/mol)
          Angle    Proper Dih.  Improper Dih.          LJ-14     Coulomb-14
    1.33530e+04    1.77212e+04    7.56937e+02    6.56246e+03    5.97659e+04
        LJ (SR)  Disper. corr.   Coulomb (SR)   Coul. recip.      Potential
    1.10600e+05   -7.45075e+03   -1.02575e+06    6.46849e+03   -8.17969e+05
    Kinetic En.   Total Energy  Conserved En.    Temperature Pres. DC (bar)
    1.59696e+05   -6.58274e+05   -6.15687e+05    2.98960e+02   -1.68967e+02
 Pressure (bar)   Constr. rmsd
   -2.80345e+02    9.48064e-06

           Step           Time
           8500        8.50000

   Energies (kJ/mol)
          Angle    Proper Dih.  Improper Dih.          LJ-14     Coulomb-14
    1.31604e+04    1.73901e+04    7.95504e+02    6.53401e+03    5.97353e+04
        LJ (SR)  Disper. corr.   Coulomb (SR)   Coul. recip.      Potential
    1.09040e+05   -7.48045e+03   -1.02473e+06    6.54454e+03   -8.19006e+05
    Kinetic En.   Total Energy  Conserved En.    Temperature Pres. DC (bar)
    1.59899e+05   -6.59107e+05   -6.15685e+05    2.99341e+02   -1.70315e+02
 Pressure (bar)   Constr. rmsd
   -4.31894e+02    9.84866e-06

           Step           Time
           9000        9.00000

   Energies (kJ/mol)
          Angle    Proper Dih.  Improper Dih.          LJ-14     Coulomb-14
    1.35064e+04    1.75191e+04    7.63460e+02    6.53306e+03    5.96385e+04
        LJ (SR)  Disper. corr.   Coulomb (SR)   Coul. recip.      Potential
    1.10480e+05   -7.50966e+03   -1.02470e+06    6.49116e+03   -8.17279e+05
    Kinetic En.   Total Energy  Conserved En.    Temperature Pres. DC (bar)
    1.60491e+05   -6.56788e+05   -6.15689e+05    3.00449e+02   -1.71646e+02
 Pressure (bar)   Constr. rmsd
   -2.10743e+02    8.61721e-06

           Step           Time
           9500        9.50000

   Energies (kJ/mol)
          Angle    Proper Dih.  Improper Dih.          LJ-14     Coulomb-14
    1.31410e+04    1.75576e+04    7.28893e+02    6.57266e+03    5.99431e+04
        LJ (SR)  Disper. corr.   Coulomb (SR)   Coul. recip.      Potential
    1.10943e+05   -7.53755e+03   -1.02805e+06    6.42130e+03   -8.20279e+05
    Kinetic En.   Total Energy  Conserved En.    Temperature Pres. DC (bar)
    1.60152e+05   -6.60128e+05   -6.15694e+05    2.99814e+02   -1.72922e+02
 Pressure (bar)   Constr. rmsd
   -2.85116e+02    1.02513e-05

           Step           Time
          10000       10.00000

   Energies (kJ/mol)
          Angle    Proper Dih.  Improper Dih.          LJ-14     Coulomb-14
    1.31183e+04    1.75477e+04    6.91780e+02    6.59393e+03    5.98318e+04
        LJ (SR)  Disper. corr.   Coulomb (SR)   Coul. recip.      Potential
    1.09364e+05   -7.56281e+03   -1.02479e+06    6.53333e+03   -8.18670e+05
    Kinetic En.   Total Energy  Conserved En.    Temperature Pres. DC (bar)
    1.61279e+05   -6.57391e+05   -6.15699e+05    3.01924e+02   -1.74081e+02
 Pressure (bar)   Constr. rmsd
   -3.70790e+02    1.05098e-05

           Step           Time
          10500       10.50000

   Energies (kJ/mol)
          Angle    Proper Dih.  Improper Dih.          LJ-14     Coulomb-14
    1.32382e+04    1.74167e+04    8.12001e+02    6.58254e+03    5.96750e+04
        LJ (SR)  Disper. corr.   Coulomb (SR)   Coul. recip.      Potential
    1.09984e+05   -7.58905e+03   -1.02601e+06    6.55446e+03   -8.19341e+05
    Kinetic En.   Total Energy  Conserved En.    Temperature Pres. DC (bar)
    1.60986e+05   -6.58354e+05   -6.15698e+05    3.01376e+02   -1.75289e+02
 Pressure (bar)   Constr. rmsd
   -3.52032e+02    8.95500e-06

           Step           Time
          11000       11.00000

   Energies (kJ/mol)
          Angle    Proper Dih.  Improper Dih.          LJ-14     Coulomb-14
    1.30791e+04    1.74580e+04    7.42433e+02    6.56353e+03    5.98117e+04
        LJ (SR)  Disper. corr.   Coulomb (SR)   Coul. recip.      Potential
    1.10346e+05   -7.62042e+03   -1.02753e+06    6.46367e+03   -8.20691e+05
    Kinetic En.   Total Energy  Conserved En.    Temperature Pres. DC (bar)
    1.60253e+05   -6.60438e+05   -6.15703e+05    3.00003e+02   -1.76740e+02
 Pressure (bar)   Constr. rmsd
   -3.60821e+02    8.43448e-06

           Step           Time
          11500       11.50000

   Energies (kJ/mol)
          Angle    Proper Dih.  Improper Dih.          LJ-14     Coulomb-14
    1.32254e+04    1.75216e+04    6.91636e+02    6.62803e+03    6.00037e+04
        LJ (SR)  Disper. corr.   Coulomb (SR)   Coul. recip.      Potential
    1.09446e+05   -7.65207e+03   -1.02675e+06    6.47236e+03   -8.20410e+05
    Kinetic En.   Total Energy  Conserved En.    Temperature Pres. DC (bar)
    1.61077e+05   -6.59334e+05   -6.15697e+05    3.01545e+02   -1.78209e+02
 Pressure (bar)   Constr. rmsd
   -4.23046e+02    1.00932e-05

           Step           Time
          12000       12.00000

   Energies (kJ/mol)
          Angle    Proper Dih.  Improper Dih.          LJ-14     Coulomb-14
    1.31683e+04    1.76311e+04    7.81723e+02    6.52945e+03    5.96809e+04
        LJ (SR)  Disper. corr.   Coulomb (SR)   Coul. recip.      Potential
    1.10800e+05   -7.67173e+03   -1.02753e+06    6.44227e+03   -8.20170e+05
    Kinetic En.   Total Energy  Conserved En.    Temperature Pres. DC (bar)
    1.60725e+05   -6.59446e+05   -6.15706e+05    3.00887e+02   -1.79124e+02
 Pressure (bar)   Constr. rmsd
   -2.60619e+02    8.71944e-06

           Step           Time
          12500       12.50000

   Energies (kJ/mol)
          Angle    Proper Dih.  Improper Dih.          LJ-14     Coulomb-14
    1.32699e+04    1.75072e+04    7.28630e+02    6.52668e+03    5.98243e+04
        LJ (SR)  Disper. corr.   Coulomb (SR)   Coul. recip.      Potential
    1.11732e+05   -7.69664e+03   -1.02956e+06    6.40331e+03   -8.21265e+05
    Kinetic En.   Total Energy  Conserved En.    Temperature Pres. DC (bar)
    1.60519e+05   -6.60746e+05   -6.15705e+05    3.00501e+02   -1.80288e+02
 Pressure (bar)   Constr. rmsd
   -2.08565e+02    9.45734e-06

           Step           Time
          13000       13.00000

   Energies (kJ/mol)
          Angle    Proper Dih.  Improper Dih.          LJ-14     Coulomb-14
    1.29047e+04    1.74076e+04    7.50811e+02    6.55526e+03    5.96586e+04
        LJ (SR)  Disper. corr.   Coulomb (SR)   Coul. recip.      Potential
    1.12502e+05   -7.71890e+03   -1.03217e+06    6.40420e+03   -8.23708e+05
    Kinetic En.   Total Energy  Conserved En.    Temperature Pres. DC (bar)
    1.59852e+05   -6.63856e+05   -6.15710e+05    2.99253e+02   -1.81331e+02
 Pressure (bar)   Constr. rmsd
   -2.30487e+02    1.03944e-05

           Step           Time
          13500       13.50000

   Energies (kJ/mol)
          Angle    Proper Dih.  Improper Dih.          LJ-14     Coulomb-14
    1.30971e+04    1.73078e+04    6.60749e+02    6.64328e+03    6.00163e+04
        LJ (SR)  Disper. corr.   Coulomb (SR)   Coul. recip.      Potential
    1.11120e+05   -7.74454e+03   -1.03015e+06    6.34460e+03   -8.22700e+05
    Kinetic En.   Total Energy  Conserved En.    Temperature Pres. DC (bar)
    1.59876e+05   -6.62824e+05   -6.15711e+05    2.99298e+02   -1.82536e+02
 Pressure (bar)   Constr. rmsd
   -2.74546e+02    9.42886e-06

           Step           Time
          14000       14.00000

   Energies (kJ/mol)
          Angle    Proper Dih.  Improper Dih.          LJ-14     Coulomb-14
    1.33804e+04    1.73972e+04    7.12041e+02    6.48465e+03    5.95904e+04
        LJ (SR)  Disper. corr.   Coulomb (SR)   Coul. recip.      Potential
    1.12436e+05   -7.77011e+03   -1.03038e+06    6.44970e+03   -8.21699e+05
    Kinetic En.   Total Energy  Conserved En.    Temperature Pres. DC (bar)
    1.59575e+05   -6.62124e+05   -6.15717e+05    2.98734e+02   -1.83742e+02
 Pressure (bar)   Constr. rmsd
   -2.49997e+02    8.85235e-06

           Step           Time
          14500       14.50000

   Energies (kJ/mol)
          Angle    Proper Dih.  Improper Dih.          LJ-14     Coulomb-14
    1.30610e+04    1.73898e+04    7.17311e+02    6.48085e+03    5.97172e+04
        LJ (SR)  Disper. corr.   Coulomb (SR)   Coul. recip.      Potential
    1.10318e+05   -7.80152e+03   -1.02872e+06    6.36947e+03   -8.22467e+05
    Kinetic En.   Total Energy  Conserved En.    Temperature Pres. DC (bar)
    1.60389e+05   -6.62078e+05   -6.15715e+05    3.00258e+02   -1.85228e+02
 Pressure (bar)   Constr. rmsd
   -3.66279e+02    9.08737e-06

           Step           Time
          15000       15.00000

   Energies (kJ/mol)
          Angle    Proper Dih.  Improper Dih.          LJ-14     Coulomb-14
    1.31702e+04    1.75501e+04    7.21938e+02    6.61833e+03    5.99688e+04
        LJ (SR)  Disper. corr.   Coulomb (SR)   Coul. recip.      Potential
    1.10613e+05   -7.82974e+03   -1.02754e+06    6.20990e+03   -8.20513e+05
    Kinetic En.   Total Energy  Conserved En.    Temperature Pres. DC (bar)
    1.60126e+05   -6.60387e+05   -6.15714e+05    2.99765e+02   -1.86569e+02
 Pressure (bar)   Constr. rmsd
   -3.14097e+02    9.72768e-06

           Step           Time
          15500       15.50000

   Energies (kJ/mol)
          Angle    Proper Dih.  Improper Dih.          LJ-14     Coulomb-14
    1.34989e+04    1.73192e+04    7.02402e+02    6.48619e+03    5.96342e+04
        LJ (SR)  Disper. corr.   Coulomb (SR)   Coul. recip.      Potential
    1.10655e+05   -7.86065e+03   -1.02839e+06    6.38375e+03   -8.21570e+05
    Kinetic En.   Total Energy  Conserved En.    Temperature Pres. DC (bar)
    1.59389e+05   -6.62181e+05   -6.15716e+05    2.98386e+02   -1.88043e+02
 Pressure (bar)   Constr. rmsd
   -3.54606e+02    8.73236e-06

           Step           Time
          16000       16.00000

   Energies (kJ/mol)
          Angle    Proper Dih.  Improper Dih.          LJ-14     Coulomb-14
    1.32257e+04    1.74373e+04    7.11228e+02    6.51980e+03    5.97142e+04
        LJ (SR)  Disper. corr.   Coulomb (SR)   Coul. recip.      Potential
    1.09770e+05   -7.88892e+03   -1.02756e+06    6.23523e+03   -8.21839e+05
    Kinetic En.   Total Energy  Conserved En.    Temperature Pres. DC (bar)
    1.59756e+05   -6.62083e+05   -6.15718e+05    2.99072e+02   -1.89396e+02
 Pressure (bar)   Constr. rmsd
   -4.14682e+02    9.15989e-06

           Step           Time
          16500       16.50000

   Energies (kJ/mol)
          Angle    Proper Dih.  Improper Dih.          LJ-14     Coulomb-14
    1.31454e+04    1.74774e+04    7.50485e+02    6.54717e+03    5.98360e+04
        LJ (SR)  Disper. corr.   Coulomb (SR)   Coul. recip.      Potential
    1.10736e+05   -7.91434e+03   -1.02943e+06    6.33446e+03   -8.22514e+05
    Kinetic En.   Total Energy  Conserved En.    Temperature Pres. DC (bar)
    1.59042e+05   -6.63473e+05   -6.15725e+05    2.97736e+02   -1.90617e+02
 Pressure (bar)   Constr. rmsd
   -2.97503e+02    8.21941e-06

           Step           Time
          17000       17.00000

   Energies (kJ/mol)
          Angle    Proper Dih.  Improper Dih.          LJ-14     Coulomb-14
    1.28721e+04    1.74695e+04    6.83874e+02    6.60349e+03    6.00244e+04
        LJ (SR)  Disper. corr.   Coulomb (SR)   Coul. recip.      Potential
    1.10934e+05   -7.94215e+03   -1.03021e+06    6.37772e+03   -8.23187e+05
    Kinetic En.   Total Energy  Conserved En.    Temperature Pres. DC (bar)
    1.60309e+05   -6.62878e+05   -6.15734e+05    3.00108e+02   -1.91958e+02
 Pressure (bar)   Constr. rmsd
   -2.71319e+02    9.22156e-06

           Step           Time
          17500       17.50000

   Energies (kJ/mol)
          Angle    Proper Dih.  Improper Dih.          LJ-14     Coulomb-14
    1.30498e+04    1.75010e+04    7.60634e+02    6.43461e+03    5.98400e+04
        LJ (SR)  Disper. corr.   Coulomb (SR)   Coul. recip.      Potential
    1.11013e+05   -7.96731e+03   -1.02895e+06    6.32432e+03   -8.21995e+05
    Kinetic En.   Total Energy  Conserved En.    Temperature Pres. DC (bar)
    1.60036e+05   -6.61958e+05   -6.15726e+05    2.99598e+02   -1.93174e+02
 Pressure (bar)   Constr. rmsd
   -3.96477e+02    8.36125e-06

           Step           Time
          18000       18.00000

   Energies (kJ/mol)
          Angle    Proper Dih.  Improper Dih.          LJ-14     Coulomb-14
    1.32119e+04    1.73308e+04    7.30615e+02    6.48996e+03    5.97473e+04
        LJ (SR)  Disper. corr.   Coulomb (SR)   Coul. recip.      Potential
    1.09973e+05   -8.00003e+03   -1.02801e+06    6.17006e+03   -8.22356e+05
    Kinetic En.   Total Energy  Conserved En.    Temperature Pres. DC (bar)
    1.60344e+05   -6.62012e+05   -6.15731e+05    3.00174e+02   -1.94762e+02
 Pressure (bar)   Constr. rmsd
   -3.27954e+02    9.22577e-06

           Step           Time
          18500       18.50000

   Energies (kJ/mol)
          Angle    Proper Dih.  Improper Dih.          LJ-14     Coulomb-14
    1.32815e+04    1.75540e+04    7.26233e+02    6.58873e+03    5.98378e+04
        LJ (SR)  Disper. corr.   Coulomb (SR)   Coul. recip.      Potential
    1.10375e+05   -8.02751e+03   -1.02807e+06    6.24820e+03   -8.21489e+05
    Kinetic En.   Total Energy  Conserved En.    Temperature Pres. DC (bar)
    1.60359e+05   -6.61130e+05   -6.15738e+05    3.00202e+02   -1.96101e+02
 Pressure (bar)   Constr. rmsd
   -2.15073e+02    8.86679e-06

           Step           Time
          19000       19.00000

   Energies (kJ/mol)
          Angle    Proper Dih.  Improper Dih.          LJ-14     Coulomb-14
    1.33056e+04    1.75998e+04    7.77743e+02    6.61102e+03    5.98822e+04
        LJ (SR)  Disper. corr.   Coulomb (SR)   Coul. recip.      Potential
    1.09351e+05   -8.05474e+03   -1.02762e+06    6.25265e+03   -8.21893e+05
    Kinetic En.   Total Energy  Conserved En.    Temperature Pres. DC (bar)
    1.60149e+05   -6.61744e+05   -6.15736e+05    2.99808e+02   -1.97431e+02
 Pressure (bar)   Constr. rmsd
   -3.49792e+02    9.81792e-06

           Step           Time
          19500       19.50000

   Energies (kJ/mol)
          Angle    Proper Dih.  Improper Dih.          LJ-14     Coulomb-14
    1.30376e+04    1.75291e+04    7.08552e+02    6.48545e+03    5.97526e+04
        LJ (SR)  Disper. corr.   Coulomb (SR)   Coul. recip.      Potential
    1.11522e+05   -8.08166e+03   -1.03029e+06    6.26304e+03   -8.23075e+05
    Kinetic En.   Total Energy  Conserved En.    Temperature Pres. DC (bar)
    1.61091e+05   -6.61984e+05   -6.15745e+05    3.01571e+02   -1.98752e+02
 Pressure (bar)   Constr. rmsd
   -2.89465e+02    9.04598e-06

           Step           Time
          20000       20.00000

   Energies (kJ/mol)
          Angle    Proper Dih.  Improper Dih.          LJ-14     Coulomb-14
    1.31177e+04    1.74388e+04    8.10291e+02    6.53850e+03    5.98474e+04
        LJ (SR)  Disper. corr.   Coulomb (SR)   Coul. recip.      Potential
    1.11167e+05   -8.10774e+03   -1.03006e+06    6.22405e+03   -8.23022e+05
    Kinetic En.   Total Energy  Conserved En.    Temperature Pres. DC (bar)
    1.59896e+05   -6.63126e+05   -6.15746e+05    2.99335e+02   -2.00035e+02
 Pressure (bar)   Constr. rmsd
   -2.67049e+02    8.84632e-06

           Step           Time
          20500       20.50000

   Energies (kJ/mol)
          Angle    Proper Dih.  Improper Dih.          LJ-14     Coulomb-14
    1.36921e+04    1.75249e+04    7.80436e+02    6.43120e+03    5.96521e+04
        LJ (SR)  Disper. corr.   Coulomb (SR)   Coul. recip.      Potential
    1.11180e+05   -8.12899e+03   -1.03115e+06    6.22271e+03   -8.23792e+05
    Kinetic En.   Total Energy  Conserved En.    Temperature Pres. DC (bar)
    1.60696e+05   -6.63096e+05   -6.15744e+05    3.00833e+02   -2.01084e+02
 Pressure (bar)   Constr. rmsd
   -3.66422e+02    9.34616e-06

           Step           Time
          21000       21.00000

   Energies (kJ/mol)
          Angle    Proper Dih.  Improper Dih.          LJ-14     Coulomb-14
    1.32111e+04    1.74857e+04    7.21034e+02    6.53479e+03    5.97422e+04
        LJ (SR)  Disper. corr.   Coulomb (SR)   Coul. recip.      Potential
    1.12185e+05   -8.15138e+03   -1.03129e+06    6.24045e+03   -8.23323e+05
    Kinetic En.   Total Energy  Conserved En.    Temperature Pres. DC (bar)
    1.59352e+05   -6.63972e+05   -6.15745e+05    2.98316e+02   -2.02191e+02
 Pressure (bar)   Constr. rmsd
   -2.30359e+02    8.75919e-06

           Step           Time
          21500       21.50000

   Energies (kJ/mol)
          Angle    Proper Dih.  Improper Dih.          LJ-14     Coulomb-14
    1.31180e+04    1.76561e+04    7.59836e+02    6.59105e+03    5.97833e+04
        LJ (SR)  Disper. corr.   Coulomb (SR)   Coul. recip.      Potential
    1.11348e+05   -8.17615e+03   -1.03166e+06    6.27092e+03   -8.24310e+05
    Kinetic En.   Total Energy  Conserved En.    Temperature Pres. DC (bar)
    1.58558e+05   -6.65752e+05   -6.15744e+05    2.96830e+02   -2.03420e+02
 Pressure (bar)   Constr. rmsd
   -1.68407e+02    8.52330e-06

           Step           Time
          22000       22.00000

   Energies (kJ/mol)
          Angle    Proper Dih.  Improper Dih.          LJ-14     Coulomb-14
    1.32706e+04    1.74390e+04    7.21056e+02    6.64333e+03    5.98694e+04
        LJ (SR)  Disper. corr.   Coulomb (SR)   Coul. recip.      Potential
    1.08447e+05   -8.20330e+03   -1.02807e+06    6.27887e+03   -8.23602e+05
    Kinetic En.   Total Energy  Conserved En.    Temperature Pres. DC (bar)
    1.60333e+05   -6.63270e+05   -6.15748e+05    3.00153e+02   -2.04772e+02
 Pressure (bar)   Constr. rmsd
   -3.83940e+02    9.52157e-06

           Step           Time
          22500       22.50000

   Energies (kJ/mol)
          Angle    Proper Dih.  Improper Dih.          LJ-14     Coulomb-14
    1.33086e+04    1.73935e+04    6.78153e+02    6.49401e+03    5.98334e+04
        LJ (SR)  Disper. corr.   Coulomb (SR)   Coul. recip.      Potential
    1.10903e+05   -8.23124e+03   -1.03232e+06    6.16579e+03   -8.25771e+05
    Kinetic En.   Total Energy  Conserved En.    Temperature Pres. DC (bar)
    1.59956e+05   -6.65814e+05   -6.15749e+05    2.99448e+02   -2.06168e+02
 Pressure (bar)   Constr. rmsd
   -4.19899e+02    1.03210e-05

           Step           Time
          23000       23.00000

   Energies (kJ/mol)
          Angle    Proper Dih.  Improper Dih.          LJ-14     Coulomb-14
    1.32265e+04    1.76131e+04    7.52852e+02    6.61206e+03    5.97309e+04
        LJ (SR)  Disper. corr.   Coulomb (SR)   Coul. recip.      Potential
    1.11252e+05   -8.26217e+03   -1.03224e+06    6.31741e+03   -8.25001e+05
    Kinetic En.   Total Energy  Conserved En.    Temperature Pres. DC (bar)
    1.60657e+05   -6.64344e+05   -6.15756e+05    3.00759e+02   -2.07718e+02
 Pressure (bar)   Constr. rmsd
   -1.80299e+02    8.66262e-06

           Step           Time
          23500       23.50000

   Energies (kJ/mol)
          Angle    Proper Dih.  Improper Dih.          LJ-14     Coulomb-14
    1.31470e+04    1.74905e+04    7.99450e+02    6.64919e+03    5.96276e+04
        LJ (SR)  Disper. corr.   Coulomb (SR)   Coul. recip.      Potential
    1.08904e+05   -8.28194e+03   -1.02865e+06    6.04999e+03   -8.24262e+05
    Kinetic En.   Total Energy  Conserved En.    Temperature Pres. DC (bar)
    1.59229e+05   -6.65033e+05   -6.15756e+05    2.98087e+02   -2.08712e+02
 Pressure (bar)   Constr. rmsd
   -3.45597e+02    9.83613e-06

           Step           Time
          24000       24.00000

   Energies (kJ/mol)
          Angle    Proper Dih.  Improper Dih.          LJ-14     Coulomb-14
    1.29521e+04    1.75020e+04    7.61854e+02    6.50316e+03    5.96731e+04
        LJ (SR)  Disper. corr.   Coulomb (SR)   Coul. recip.      Potential
    1.11794e+05   -8.29899e+03   -1.03319e+06    6.24875e+03   -8.26056e+05
    Kinetic En.   Total Energy  Conserved En.    Temperature Pres. DC (bar)
    1.59001e+05   -6.67055e+05   -6.15766e+05    2.97660e+02   -2.09571e+02
 Pressure (bar)   Constr. rmsd
   -1.57273e+02    8.96907e-06

           Step           Time
          24500       24.50000

   Energies (kJ/mol)
          Angle    Proper Dih.  Improper Dih.          LJ-14     Coulomb-14
    1.32802e+04    1.74645e+04    6.91653e+02    6.50115e+03    5.96085e+04
        LJ (SR)  Disper. corr.   Coulomb (SR)   Coul. recip.      Potential
    1.11143e+05   -8.31514e+03   -1.03181e+06    6.15066e+03   -8.25286e+05
    Kinetic En.   Total Energy  Conserved En.    Temperature Pres. DC (bar)
    1.59635e+05   -6.65651e+05   -6.15769e+05    2.98847e+02   -2.10387e+02
 Pressure (bar)   Constr. rmsd
   -2.23536e+02    1.08457e-05

           Step           Time
          25000       25.00000

   Energies (kJ/mol)
          Angle    Proper Dih.  Improper Dih.          LJ-14     Coulomb-14
    1.34136e+04    1.75189e+04    7.34266e+02    6.45110e+03    5.97699e+04
        LJ (SR)  Disper. corr.   Coulomb (SR)   Coul. recip.      Potential
    1.11655e+05   -8.33514e+03   -1.03163e+06    6.14586e+03   -8.24274e+05
    Kinetic En.   Total Energy  Conserved En.    Temperature Pres. DC (bar)
    1.59760e+05   -6.64514e+05   -6.15771e+05    2.99080e+02   -2.11399e+02
 Pressure (bar)   Constr. rmsd
   -9.84881e+01    8.72430e-06

           Step           Time
          25500       25.50000

   Energies (kJ/mol)
          Angle    Proper Dih.  Improper Dih.          LJ-14     Coulomb-14
    1.34491e+04    1.74048e+04    7.17163e+02    6.63091e+03    5.97436e+04
        LJ (SR)  Disper. corr.   Coulomb (SR)   Coul. recip.      Potential
    1.12064e+05   -8.35103e+03   -1.03254e+06    6.21746e+03   -8.24661e+05
    Kinetic En.   Total Energy  Conserved En.    Temperature Pres. DC (bar)
    1.59262e+05   -6.65399e+05   -6.15772e+05    2.98149e+02   -2.12205e+02
 Pressure (bar)   Constr. rmsd
   -6.12497e+01    9.69681e-06

           Step           Time
          26000       26.00000

   Energies (kJ/mol)
          Angle    Proper Dih.  Improper Dih.          LJ-14     Coulomb-14
    1.32318e+04    1.74486e+04    6.66451e+02    6.48168e+03    5.96925e+04
        LJ (SR)  Disper. corr.   Coulomb (SR)   Coul. recip.      Potential
    1.12767e+05   -8.36457e+03   -1.03492e+06    6.04701e+03   -8.26946e+05
    Kinetic En.   Total Energy  Conserved En.    Temperature Pres. DC (bar)
    1.59897e+05   -6.67050e+05   -6.15779e+05    2.99336e+02   -2.12892e+02
 Pressure (bar)   Constr. rmsd
   -1.19048e+02    9.13608e-06

           Step           Time
          26500       26.50000

   Energies (kJ/mol)
          Angle    Proper Dih.  Improper Dih.          LJ-14     Coulomb-14
    1.33838e+04    1.75047e+04    7.12571e+02    6.55729e+03    5.97365e+04
        LJ (SR)  Disper. corr.   Coulomb (SR)   Coul. recip.      Potential
    1.11217e+05   -8.37859e+03   -1.03317e+06    6.03397e+03   -8.26404e+05
    Kinetic En.   Total Energy  Conserved En.    Temperature Pres. DC (bar)
    1.60260e+05   -6.66144e+05   -6.15780e+05    3.00015e+02   -2.13606e+02
 Pressure (bar)   Constr. rmsd
   -1.72816e+02    9.27589e-06

           Step           Time
          27000       27.00000

   Energies (kJ/mol)
          Angle    Proper Dih.  Improper Dih.          LJ-14     Coulomb-14
    1.32933e+04    1.75257e+04    7.02696e+02    6.54898e+03    5.97917e+04
        LJ (SR)  Disper. corr.   Coulomb (SR)   Coul. recip.      Potential
    1.12801e+05   -8.39029e+03   -1.03525e+06    6.14596e+03   -8.26832e+05
    Kinetic En.   Total Energy  Conserved En.    Temperature Pres. DC (bar)
    1.60335e+05   -6.66497e+05   -6.15780e+05    3.00156e+02   -2.14202e+02
 Pressure (bar)   Constr. rmsd
   -1.28608e+02    8.39399e-06

           Step           Time
          27500       27.50000

   Energies (kJ/mol)
          Angle    Proper Dih.  Improper Dih.          LJ-14     Coulomb-14
    1.33693e+04    1.76900e+04    7.66614e+02    6.61676e+03    5.98145e+04
        LJ (SR)  Disper. corr.   Coulomb (SR)   Coul. recip.      Potential
    1.12020e+05   -8.40236e+03   -1.03350e+06    6.04450e+03   -8.25581e+05
    Kinetic En.   Total Energy  Conserved En.    Temperature Pres. DC (bar)
    1.61538e+05   -6.64043e+05   -6.15791e+05    3.02408e+02   -2.14818e+02
 Pressure (bar)   Constr. rmsd
   -4.72169e+01    9.18402e-06

           Step           Time
          28000       28.00000

   Energies (kJ/mol)
          Angle    Proper Dih.  Improper Dih.          LJ-14     Coulomb-14
    1.31997e+04    1.76530e+04    6.85146e+02    6.56340e+03    5.97819e+04
        LJ (SR)  Disper. corr.   Coulomb (SR)   Coul. recip.      Potential
    1.11753e+05   -8.41206e+03   -1.03363e+06    5.97318e+03   -8.26431e+05
    Kinetic En.   Total Energy  Conserved En.    Temperature Pres. DC (bar)
    1.59589e+05   -6.66841e+05   -6.15788e+05    2.98761e+02   -2.15314e+02
 Pressure (bar)   Constr. rmsd
   -1.00897e+02    1.03567e-05

           Step           Time
          28500       28.50000

   Energies (kJ/mol)
          Angle    Proper Dih.  Improper Dih.          LJ-14     Coulomb-14
    1.33150e+04    1.73538e+04    7.12096e+02    6.64995e+03    5.96924e+04
        LJ (SR)  Disper. corr.   Coulomb (SR)   Coul. recip.      Potential
    1.12325e+05   -8.42376e+03   -1.03406e+06    6.00651e+03   -8.26430e+05
    Kinetic En.   Total Energy  Conserved En.    Temperature Pres. DC (bar)
    1.59147e+05   -6.67283e+05   -6.15785e+05    2.97933e+02   -2.15912e+02
 Pressure (bar)   Constr. rmsd
    6.19933e+01    9.58418e-06

           Step           Time
          29000       29.00000

   Energies (kJ/mol)
          Angle    Proper Dih.  Improper Dih.          LJ-14     Coulomb-14
    1.32807e+04    1.75081e+04    7.04949e+02    6.65093e+03    5.97109e+04
        LJ (SR)  Disper. corr.   Coulomb (SR)   Coul. recip.      Potential
    1.11394e+05   -8.43315e+03   -1.03376e+06    5.99170e+03   -8.26956e+05
    Kinetic En.   Total Energy  Conserved En.    Temperature Pres. DC (bar)
    1.59883e+05   -6.67074e+05   -6.15788e+05    2.99310e+02   -2.16393e+02
 Pressure (bar)   Constr. rmsd
   -4.19796e+01    8.48815e-06

           Step           Time
          29500       29.50000

   Energies (kJ/mol)
          Angle    Proper Dih.  Improper Dih.          LJ-14     Coulomb-14
    1.30527e+04    1.76361e+04    6.57387e+02    6.54324e+03    5.97769e+04
        LJ (SR)  Disper. corr.   Coulomb (SR)   Coul. recip.      Potential
    1.12458e+05   -8.44673e+03   -1.03571e+06    6.04248e+03   -8.27991e+05
    Kinetic En.   Total Energy  Conserved En.    Temperature Pres. DC (bar)
    1.60061e+05   -6.67931e+05   -6.15795e+05    2.99643e+02   -2.17090e+02
 Pressure (bar)   Constr. rmsd
    3.55105e-01    8.66070e-06

           Step           Time
          30000       30.00000

   Energies (kJ/mol)
          Angle    Proper Dih.  Improper Dih.          LJ-14     Coulomb-14
    1.32922e+04    1.75465e+04    7.51353e+02    6.58709e+03    5.98876e+04
        LJ (SR)  Disper. corr.   Coulomb (SR)   Coul. recip.      Potential
    1.11776e+05   -8.45252e+03   -1.03435e+06    6.07216e+03   -8.26889e+05
    Kinetic En.   Total Energy  Conserved En.    Temperature Pres. DC (bar)
    1.60860e+05   -6.66030e+05   -6.15799e+05    3.01139e+02   -2.17387e+02
 Pressure (bar)   Constr. rmsd
   -3.26110e+01    9.56964e-06

           Step           Time
          30500       30.50000

   Energies (kJ/mol)
          Angle    Proper Dih.  Improper Dih.          LJ-14     Coulomb-14
    1.36060e+04    1.75770e+04    6.90977e+02    6.54647e+03    5.98206e+04
        LJ (SR)  Disper. corr.   Coulomb (SR)   Coul. recip.      Potential
    1.11861e+05   -8.45565e+03   -1.03308e+06    6.03540e+03   -8.25398e+05
    Kinetic En.   Total Energy  Conserved En.    Temperature Pres. DC (bar)
    1.60744e+05   -6.64654e+05   -6.15795e+05    3.00923e+02   -2.17548e+02
 Pressure (bar)   Constr. rmsd
   -6.82270e+01    8.35765e-06

           Step           Time
          31000       31.00000

   Energies (kJ/mol)
          Angle    Proper Dih.  Improper Dih.          LJ-14     Coulomb-14
    1.30883e+04    1.74909e+04    6.98442e+02    6.47764e+03    5.97750e+04
        LJ (SR)  Disper. corr.   Coulomb (SR)   Coul. recip.      Potential
    1.11827e+05   -8.46102e+03   -1.03386e+06    5.91352e+03   -8.27053e+05
    Kinetic En.   Total Energy  Conserved En.    Temperature Pres. DC (bar)
    1.60186e+05   -6.66867e+05   -6.15805e+05    2.99878e+02   -2.17824e+02
 Pressure (bar)   Constr. rmsd
   -6.55743e+01    1.00028e-05

           Step           Time
          31500       31.50000

   Energies (kJ/mol)
          Angle    Proper Dih.  Improper Dih.          LJ-14     Coulomb-14
    1.32105e+04    1.74772e+04    7.06501e+02    6.58668e+03    5.98556e+04
        LJ (SR)  Disper. corr.   Coulomb (SR)   Coul. recip.      Potential
    1.11607e+05   -8.46591e+03   -1.03332e+06    6.08873e+03   -8.26256e+05
    Kinetic En.   Total Energy  Conserved En.    Temperature Pres. DC (bar)
    1.59994e+05   -6.66261e+05   -6.15806e+05    2.99519e+02   -2.18076e+02
 Pressure (bar)   Constr. rmsd
   -6.83227e+01    9.35038e-06

           Step           Time
          32000       32.00000

   Energies (kJ/mol)
          Angle    Proper Dih.  Improper Dih.          LJ-14     Coulomb-14
    1.30869e+04    1.74521e+04    7.55095e+02    6.51517e+03    5.99188e+04
        LJ (SR)  Disper. corr.   Coulomb (SR)   Coul. recip.      Potential
    1.10628e+05   -8.47125e+03   -1.03302e+06    6.03685e+03   -8.27098e+05
    Kinetic En.   Total Energy  Conserved En.    Temperature Pres. DC (bar)
    1.59620e+05   -6.67478e+05   -6.15804e+05    2.98819e+02   -2.18351e+02
 Pressure (bar)   Constr. rmsd
   -9.93194e+01    8.88200e-06

           Step           Time
          32500       32.50000

   Energies (kJ/mol)
          Angle    Proper Dih.  Improper Dih.          LJ-14     Coulomb-14
    1.34428e+04    1.75908e+04    7.78798e+02    6.54757e+03    5.95758e+04
        LJ (SR)  Disper. corr.   Coulomb (SR)   Coul. recip.      Potential
    1.11836e+05   -8.47608e+03   -1.03479e+06    5.92357e+03   -8.27572e+05
    Kinetic En.   Total Energy  Conserved En.    Temperature Pres. DC (bar)
    1.60939e+05   -6.66633e+05   -6.15812e+05    3.01287e+02   -2.18600e+02
 Pressure (bar)   Constr. rmsd
    2.51911e+00    9.67272e-06

           Step           Time
          33000       33.00000

   Energies (kJ/mol)
          Angle    Proper Dih.  Improper Dih.          LJ-14     Coulomb-14
    1.33757e+04    1.76087e+04    6.79021e+02    6.45466e+03    5.98295e+04
        LJ (SR)  Disper. corr.   Coulomb (SR)   Coul. recip.      Potential
    1.12634e+05   -8.47747e+03   -1.03646e+06    5.95916e+03   -8.28396e+05
    Kinetic En.   Total Energy  Conserved En.    Temperature Pres. DC (bar)
    1.60828e+05   -6.67568e+05   -6.15810e+05    3.01080e+02   -2.18671e+02
 Pressure (bar)   Constr. rmsd
   -5.64422e+01    1.03772e-05

           Step           Time
          33500       33.50000

   Energies (kJ/mol)
          Angle    Proper Dih.  Improper Dih.          LJ-14     Coulomb-14
    1.33804e+04    1.75220e+04    7.02704e+02    6.54970e+03    5.96038e+04
        LJ (SR)  Disper. corr.   Coulomb (SR)   Coul. recip.      Potential
    1.10519e+05   -8.47718e+03   -1.03404e+06    5.95981e+03   -8.28277e+05
    Kinetic En.   Total Energy  Conserved En.    Temperature Pres. DC (bar)
    1.60464e+05   -6.67813e+05   -6.15808e+05    3.00398e+02   -2.18656e+02
 Pressure (bar)   Constr. rmsd
   -1.60121e+02    9.85012e-06

           Step           Time
          34000       34.00000

   Energies (kJ/mol)
          Angle    Proper Dih.  Improper Dih.          LJ-14     Coulomb-14
    1.36076e+04    1.73853e+04    6.41284e+02    6.50472e+03    5.96495e+04
        LJ (SR)  Disper. corr.   Coulomb (SR)   Coul. recip.      Potential
    1.11162e+05   -8.48353e+03   -1.03563e+06    5.95092e+03   -8.29208e+05
    Kinetic En.   Total Energy  Conserved En.    Temperature Pres. DC (bar)
    1.58761e+05   -6.70447e+05   -6.15804e+05    2.97211e+02   -2.18983e+02
 Pressure (bar)   Constr. rmsd
   -2.72336e+02    1.18102e-05

           Step           Time
          34500       34.50000

   Energies (kJ/mol)
          Angle    Proper Dih.  Improper Dih.          LJ-14     Coulomb-14
    1.30065e+04    1.76310e+04    7.75145e+02    6.56657e+03    5.95660e+04
        LJ (SR)  Disper. corr.   Coulomb (SR)   Coul. recip.      Potential
    1.13044e+05   -8.48231e+03   -1.03681e+06    6.08912e+03   -8.28609e+05
    Kinetic En.   Total Energy  Conserved En.    Temperature Pres. DC (bar)
    1.59639e+05   -6.68970e+05   -6.15827e+05    2.98854e+02   -2.18921e+02
 Pressure (bar)   Constr. rmsd
    7.72834e+01    8.79778e-06

           Step           Time
          35000       35.00000

   Energies (kJ/mol)
          Angle    Proper Dih.  Improper Dih.          LJ-14     Coulomb-14
    1.34769e+04    1.76161e+04    7.45477e+02    6.49757e+03    5.95187e+04
        LJ (SR)  Disper. corr.   Coulomb (SR)   Coul. recip.      Potential
    1.13280e+05   -8.48265e+03   -1.03718e+06    6.02229e+03   -8.28511e+05
    Kinetic En.   Total Energy  Conserved En.    Temperature Pres. DC (bar)
    1.60504e+05   -6.68006e+05   -6.15830e+05    3.00474e+02   -2.18938e+02
 Pressure (bar)   Constr. rmsd
    8.84645e+01    9.77470e-06

           Step           Time
          35500       35.50000

   Energies (kJ/mol)
          Angle    Proper Dih.  Improper Dih.          LJ-14     Coulomb-14
    1.31583e+04    1.76473e+04    7.60676e+02    6.61609e+03    5.98212e+04
        LJ (SR)  Disper. corr.   Coulomb (SR)   Coul. recip.      Potential
    1.13344e+05   -8.48075e+03   -1.03670e+06    6.10673e+03   -8.27721e+05
    Kinetic En.   Total Energy  Conserved En.    Temperature Pres. DC (bar)
    1.60604e+05   -6.67117e+05   -6.15836e+05    3.00660e+02   -2.18840e+02
 Pressure (bar)   Constr. rmsd
    1.48185e+02    8.53567e-06

           Step           Time
          36000       36.00000

   Energies (kJ/mol)
          Angle    Proper Dih.  Improper Dih.          LJ-14     Coulomb-14
    1.28724e+04    1.75381e+04    7.59969e+02    6.54636e+03    5.99043e+04
        LJ (SR)  Disper. corr.   Coulomb (SR)   Coul. recip.      Potential
    1.12963e+05   -8.47973e+03   -1.03843e+06    6.02916e+03   -8.30300e+05
    Kinetic En.   Total Energy  Conserved En.    Temperature Pres. DC (bar)
    1.59607e+05   -6.70693e+05   -6.15833e+05    2.98794e+02   -2.18788e+02
 Pressure (bar)   Constr. rmsd
   -5.83928e+01    8.92808e-06

           Step           Time
          36500       36.50000

   Energies (kJ/mol)
          Angle    Proper Dih.  Improper Dih.          LJ-14     Coulomb-14
    1.31268e+04    1.75093e+04    7.78804e+02    6.42691e+03    5.97753e+04
        LJ (SR)  Disper. corr.   Coulomb (SR)   Coul. recip.      Potential
    1.13099e+05   -8.47941e+03   -1.03640e+06    6.00685e+03   -8.28156e+05
    Kinetic En.   Total Energy  Conserved En.    Temperature Pres. DC (bar)
    1.58921e+05   -6.69235e+05   -6.15831e+05    2.97509e+02   -2.18771e+02
 Pressure (bar)   Constr. rmsd
   -7.27558e+01    9.42088e-06

           Step           Time
          37000       37.00000

   Energies (kJ/mol)
          Angle    Proper Dih.  Improper Dih.          LJ-14     Coulomb-14
    1.33057e+04    1.74322e+04    7.56810e+02    6.59479e+03    5.96887e+04
        LJ (SR)  Disper. corr.   Coulomb (SR)   Coul. recip.      Potential
    1.11820e+05   -8.48271e+03   -1.03476e+06    5.90816e+03   -8.27739e+05
    Kinetic En.   Total Energy  Conserved En.    Temperature Pres. DC (bar)
    1.60172e+05   -6.67566e+05   -6.15834e+05    2.99852e+02   -2.18941e+02
 Pressure (bar)   Constr. rmsd
   -3.28197e+00    9.07269e-06

           Step           Time
          37500       37.50000

   Energies (kJ/mol)
          Angle    Proper Dih.  Improper Dih.          LJ-14     Coulomb-14
    1.31707e+04    1.75008e+04    7.35674e+02    6.47568e+03    5.96810e+04
        LJ (SR)  Disper. corr.   Coulomb (SR)   Coul. recip.      Potential
    1.12410e+05   -8.48344e+03   -1.03578e+06    5.97589e+03   -8.28318e+05
    Kinetic En.   Total Energy  Conserved En.    Temperature Pres. DC (bar)
    1.60923e+05   -6.67395e+05   -6.15842e+05    3.01258e+02   -2.18979e+02
 Pressure (bar)   Constr. rmsd
   -6.57882e+01    1.02430e-05

           Step           Time
          38000       38.00000

   Energies (kJ/mol)
          Angle    Proper Dih.  Improper Dih.          LJ-14     Coulomb-14
    1.32175e+04    1.74169e+04    7.19213e+02    6.51256e+03    5.95027e+04
        LJ (SR)  Disper. corr.   Coulomb (SR)   Coul. recip.      Potential
    1.13303e+05   -8.47932e+03   -1.03718e+06    5.95187e+03   -8.29030e+05
    Kinetic En.   Total Energy  Conserved En.    Temperature Pres. DC (bar)
    1.60342e+05   -6.68688e+05   -6.15846e+05    3.00170e+02   -2.18767e+02
 Pressure (bar)   Constr. rmsd
    1.23119e+02    8.54919e-06

           Step           Time
          38500       38.50000

   Energies (kJ/mol)
          Angle    Proper Dih.  Improper Dih.          LJ-14     Coulomb-14
    1.30764e+04    1.76140e+04    7.19925e+02    6.59778e+03    5.95983e+04
        LJ (SR)  Disper. corr.   Coulomb (SR)   Coul. recip.      Potential
    1.12258e+05   -8.47772e+03   -1.03541e+06    5.85554e+03   -8.28166e+05
    Kinetic En.   Total Energy  Conserved En.    Temperature Pres. DC (bar)
    1.59399e+05   -6.68768e+05   -6.15849e+05    2.98404e+02   -2.18684e+02
 Pressure (bar)   Constr. rmsd
    1.56013e+01    1.02184e-05

           Step           Time
          39000       39.00000

   Energies (kJ/mol)
          Angle    Proper Dih.  Improper Dih.          LJ-14     Coulomb-14
    1.33153e+04    1.76180e+04    7.19181e+02    6.46180e+03    5.93898e+04
        LJ (SR)  Disper. corr.   Coulomb (SR)   Coul. recip.      Potential
    1.12598e+05   -8.47607e+03   -1.03526e+06    6.08102e+03   -8.27558e+05
    Kinetic En.   Total Energy  Conserved En.    Temperature Pres. DC (bar)
    1.60258e+05   -6.67300e+05   -6.15852e+05    3.00013e+02   -2.18599e+02
 Pressure (bar)   Constr. rmsd
   -6.93413e+01    9.57662e-06

           Step           Time
          39500       39.50000

   Energies (kJ/mol)
          Angle    Proper Dih.  Improper Dih.          LJ-14     Coulomb-14
    1.34155e+04    1.74988e+04    7.52522e+02    6.50559e+03    5.96668e+04
        LJ (SR)  Disper. corr.   Coulomb (SR)   Coul. recip.      Potential
    1.12477e+05   -8.47560e+03   -1.03527e+06    5.97307e+03   -8.27453e+05
    Kinetic En.   Total Energy  Conserved En.    Temperature Pres. DC (bar)
    1.61768e+05   -6.65685e+05   -6.15851e+05    3.02840e+02   -2.18575e+02
 Pressure (bar)   Constr. rmsd
    2.57796e+01    8.80257e-06

           Step           Time
          40000       40.00000

   Energies (kJ/mol)
          Angle    Proper Dih.  Improper Dih.          LJ-14     Coulomb-14
    1.33902e+04    1.75798e+04    7.35147e+02    6.56700e+03    5.96328e+04
        LJ (SR)  Disper. corr.   Coulomb (SR)   Coul. recip.      Potential
    1.11529e+05   -8.47500e+03   -1.03508e+06    6.10062e+03   -8.28016e+05
    Kinetic En.   Total Energy  Conserved En.    Temperature Pres. DC (bar)
    1.60767e+05   -6.67249e+05   -6.15847e+05    3.00966e+02   -2.18544e+02
 Pressure (bar)   Constr. rmsd
   -1.54721e+02    9.56418e-06

           Step           Time
          40500       40.50000

   Energies (kJ/mol)
          Angle    Proper Dih.  Improper Dih.          LJ-14     Coulomb-14
    1.31774e+04    1.75506e+04    7.29074e+02    6.58699e+03    5.95675e+04
        LJ (SR)  Disper. corr.   Coulomb (SR)   Coul. recip.      Potential
    1.13617e+05   -8.47198e+03   -1.03646e+06    6.09810e+03   -8.27602e+05
    Kinetic En.   Total Energy  Conserved En.    Temperature Pres. DC (bar)
    1.59552e+05   -6.68050e+05   -6.15851e+05    2.98692e+02   -2.18388e+02
 Pressure (bar)   Constr. rmsd
    5.13141e+01    9.05375e-06

           Step           Time
          41000       41.00000

   Energies (kJ/mol)
          Angle    Proper Dih.  Improper Dih.          LJ-14     Coulomb-14
    1.32235e+04    1.74722e+04    6.72041e+02    6.57484e+03    5.97808e+04
        LJ (SR)  Disper. corr.   Coulomb (SR)   Coul. recip.      Potential
    1.11517e+05   -8.47652e+03   -1.03369e+06    5.98929e+03   -8.26935e+05
    Kinetic En.   Total Energy  Conserved En.    Temperature Pres. DC (bar)
    1.59320e+05   -6.67615e+05   -6.15858e+05    2.98257e+02   -2.18622e+02
 Pressure (bar)   Constr. rmsd
    1.49325e+01    8.71570e-06

           Step           Time
          41500       41.50000

   Energies (kJ/mol)
          Angle    Proper Dih.  Improper Dih.          LJ-14     Coulomb-14
    1.32596e+04    1.75691e+04    7.91907e+02    6.60282e+03    5.96136e+04
        LJ (SR)  Disper. corr.   Coulomb (SR)   Coul. recip.      Potential
    1.12570e+05   -8.47377e+03   -1.03540e+06    5.92028e+03   -8.27542e+05
    Kinetic En.   Total Energy  Conserved En.    Temperature Pres. DC (bar)
    1.60843e+05   -6.66699e+05   -6.15860e+05    3.01108e+02   -2.18480e+02
 Pressure (bar)   Constr. rmsd
   -3.70235e+01    1.01514e-05

           Step           Time
          42000       42.00000

   Energies (kJ/mol)
          Angle    Proper Dih.  Improper Dih.          LJ-14     Coulomb-14
    1.32834e+04    1.74451e+04    7.34651e+02    6.46415e+03    5.95917e+04
        LJ (SR)  Disper. corr.   Coulomb (SR)   Coul. recip.      Potential
    1.12653e+05   -8.47332e+03   -1.03535e+06    5.92279e+03   -8.27726e+05
    Kinetic En.   Total Energy  Conserved En.    Temperature Pres. DC (bar)
    1.60232e+05   -6.67494e+05   -6.15860e+05    2.99964e+02   -2.18458e+02
 Pressure (bar)   Constr. rmsd
   -7.82687e+01    9.82598e-06

           Step           Time
          42500       42.50000

   Energies (kJ/mol)
          Angle    Proper Dih.  Improper Dih.          LJ-14     Coulomb-14
    1.32106e+04    1.75048e+04    7.23889e+02    6.58702e+03    5.96816e+04
        LJ (SR)  Disper. corr.   Coulomb (SR)   Coul. recip.      Potential
    1.13060e+05   -8.47325e+03   -1.03594e+06    6.01331e+03   -8.27632e+05
    Kinetic En.   Total Energy  Conserved En.    Temperature Pres. DC (bar)
    1.60067e+05   -6.67565e+05   -6.15869e+05    2.99656e+02   -2.18454e+02
 Pressure (bar)   Constr. rmsd
    7.61976e+01    9.32120e-06

           Step           Time
          43000       43.00000

   Energies (kJ/mol)
          Angle    Proper Dih.  Improper Dih.          LJ-14     Coulomb-14
    1.33393e+04    1.74324e+04    7.78686e+02    6.52930e+03    5.97510e+04
        LJ (SR)  Disper. corr.   Coulomb (SR)   Coul. recip.      Potential
    1.11765e+05   -8.47178e+03   -1.03364e+06    6.07093e+03   -8.26442e+05
    Kinetic En.   Total Energy  Conserved En.    Temperature Pres. DC (bar)
    1.60327e+05   -6.66115e+05   -6.15866e+05    3.00143e+02   -2.18378e+02
 Pressure (bar)   Constr. rmsd
    9.97432e+00    9.20227e-06

           Step           Time
          43500       43.50000

   Energies (kJ/mol)
          Angle    Proper Dih.  Improper Dih.          LJ-14     Coulomb-14
    1.30893e+04    1.73854e+04    6.86003e+02    6.59945e+03    5.97862e+04
        LJ (SR)  Disper. corr.   Coulomb (SR)   Coul. recip.      Potential
    1.11056e+05   -8.47624e+03   -1.03230e+06    5.98908e+03   -8.26187e+05
    Kinetic En.   Total Energy  Conserved En.    Temperature Pres. DC (bar)
    1.60114e+05   -6.66073e+05   -6.15874e+05    2.99743e+02   -2.18608e+02
 Pressure (bar)   Constr. rmsd
    2.29254e+01    9.11388e-06

           Step           Time
          44000       44.00000

   Energies (kJ/mol)
          Angle    Proper Dih.  Improper Dih.          LJ-14     Coulomb-14
    1.30397e+04    1.74246e+04    7.13444e+02    6.63864e+03    5.99568e+04
        LJ (SR)  Disper. corr.   Coulomb (SR)   Coul. recip.      Potential
    1.11798e+05   -8.47633e+03   -1.03657e+06    5.78778e+03   -8.29686e+05
    Kinetic En.   Total Energy  Conserved En.    Temperature Pres. DC (bar)
    1.59807e+05   -6.69879e+05   -6.15877e+05    2.99167e+02   -2.18612e+02
 Pressure (bar)   Constr. rmsd
    5.43967e+01    1.04165e-05

           Step           Time
          44500       44.50000

   Energies (kJ/mol)
          Angle    Proper Dih.  Improper Dih.          LJ-14     Coulomb-14
    1.32820e+04    1.74097e+04    7.28310e+02    6.51638e+03    5.97910e+04
        LJ (SR)  Disper. corr.   Coulomb (SR)   Coul. recip.      Potential
    1.12580e+05   -8.48206e+03   -1.03703e+06    5.94349e+03   -8.29264e+05
    Kinetic En.   Total Energy  Conserved En.    Temperature Pres. DC (bar)
    1.60490e+05   -6.68773e+05   -6.15880e+05    3.00447e+02   -2.18908e+02
 Pressure (bar)   Constr. rmsd
   -1.79280e+01    8.98702e-06

           Step           Time
          45000       45.00000

   Energies (kJ/mol)
          Angle    Proper Dih.  Improper Dih.          LJ-14     Coulomb-14
    1.33068e+04    1.74365e+04    7.30603e+02    6.52844e+03    5.95976e+04
        LJ (SR)  Disper. corr.   Coulomb (SR)   Coul. recip.      Potential
    1.12365e+05   -8.47627e+03   -1.03508e+06    6.01109e+03   -8.27582e+05
    Kinetic En.   Total Energy  Conserved En.    Temperature Pres. DC (bar)
    1.60280e+05   -6.67302e+05   -6.15883e+05    3.00054e+02   -2.18609e+02
 Pressure (bar)   Constr. rmsd
   -2.85933e+01    9.82426e-06

           Step           Time
          45500       45.50000

   Energies (kJ/mol)
          Angle    Proper Dih.  Improper Dih.          LJ-14     Coulomb-14
    1.30509e+04    1.74770e+04    6.90705e+02    6.65322e+03    5.99100e+04
        LJ (SR)  Disper. corr.   Coulomb (SR)   Coul. recip.      Potential
    1.12178e+05   -8.47785e+03   -1.03583e+06    5.88587e+03   -8.28466e+05
    Kinetic En.   Total Energy  Conserved En.    Temperature Pres. DC (bar)
    1.59949e+05   -6.68517e+05   -6.15894e+05    2.99434e+02   -2.18691e+02
 Pressure (bar)   Constr. rmsd
    1.07510e+02    9.06383e-06

           Step           Time
          46000       46.00000

   Energies (kJ/mol)
          Angle    Proper Dih.  Improper Dih.          LJ-14     Coulomb-14
    1.33903e+04    1.75248e+04    6.52697e+02    6.60703e+03    5.96991e+04
        LJ (SR)  Disper. corr.   Coulomb (SR)   Coul. recip.      Potential
    1.11074e+05   -8.47618e+03   -1.03530e+06    5.87620e+03   -8.28956e+05
    Kinetic En.   Total Energy  Conserved En.    Temperature Pres. DC (bar)
    1.61159e+05   -6.67796e+05   -6.15888e+05    3.01700e+02   -2.18605e+02
 Pressure (bar)   Constr. rmsd
   -6.74351e+01    8.47590e-06

           Step           Time
          46500       46.50000

   Energies (kJ/mol)
          Angle    Proper Dih.  Improper Dih.          LJ-14     Coulomb-14
    1.31350e+04    1.75796e+04    7.30505e+02    6.61593e+03    5.96844e+04
        LJ (SR)  Disper. corr.   Coulomb (SR)   Coul. recip.      Potential
    1.12333e+05   -8.48071e+03   -1.03534e+06    5.92545e+03   -8.27814e+05
    Kinetic En.   Total Energy  Conserved En.    Temperature Pres. DC (bar)
    1.59981e+05   -6.67834e+05   -6.15890e+05    2.99493e+02   -2.18838e+02
 Pressure (bar)   Constr. rmsd
    1.52361e+01    9.70056e-06

           Step           Time
          47000       47.00000

   Energies (kJ/mol)
          Angle    Proper Dih.  Improper Dih.          LJ-14     Coulomb-14
    1.34428e+04    1.76036e+04    7.06972e+02    6.54365e+03    5.95972e+04
        LJ (SR)  Disper. corr.   Coulomb (SR)   Coul. recip.      Potential
    1.11693e+05   -8.48192e+03   -1.03572e+06    6.03367e+03   -8.28584e+05
    Kinetic En.   Total Energy  Conserved En.    Temperature Pres. DC (bar)
    1.58567e+05   -6.70017e+05   -6.15882e+05    2.96846e+02   -2.18901e+02
 Pressure (bar)   Constr. rmsd
   -6.77763e+01    8.45228e-06

           Step           Time
          47500       47.50000

   Energies (kJ/mol)
          Angle    Proper Dih.  Improper Dih.          LJ-14     Coulomb-14
    1.34143e+04    1.73918e+04    7.23102e+02    6.50878e+03    5.96202e+04
        LJ (SR)  Disper. corr.   Coulomb (SR)   Coul. recip.      Potential
    1.13505e+05   -8.47705e+03   -1.03813e+06    5.95837e+03   -8.29481e+05
    Kinetic En.   Total Energy  Conserved En.    Temperature Pres. DC (bar)
    1.60044e+05   -6.69438e+05   -6.15892e+05    2.99611e+02   -2.18649e+02
 Pressure (bar)   Constr. rmsd
    1.24518e+02    8.62458e-06

           Step           Time
          48000       48.00000

   Energies (kJ/mol)
          Angle    Proper Dih.  Improper Dih.          LJ-14     Coulomb-14
    1.33357e+04    1.74836e+04    6.91121e+02    6.56943e+03    5.96283e+04
        LJ (SR)  Disper. corr.   Coulomb (SR)   Coul. recip.      Potential
    1.13149e+05   -8.47295e+03   -1.03550e+06    5.92333e+03   -8.27190e+05
    Kinetic En.   Total Energy  Conserved En.    Temperature Pres. DC (bar)
    1.59152e+05   -6.68038e+05   -6.15897e+05    2.97942e+02   -2.18438e+02
 Pressure (bar)   Constr. rmsd
    2.41577e+01    9.41114e-06

           Step           Time
          48500       48.50000

   Energies (kJ/mol)
          Angle    Proper Dih.  Improper Dih.          LJ-14     Coulomb-14
    1.31368e+04    1.74034e+04    6.90734e+02    6.61448e+03    5.98264e+04
        LJ (SR)  Disper. corr.   Coulomb (SR)   Coul. recip.      Potential
    1.10757e+05   -8.47531e+03   -1.03526e+06    6.07708e+03   -8.29229e+05
    Kinetic En.   Total Energy  Conserved En.    Temperature Pres. DC (bar)
    1.59548e+05   -6.69681e+05   -6.15902e+05    2.98683e+02   -2.18560e+02
 Pressure (bar)   Constr. rmsd
   -7.92661e+01    8.37240e-06

           Step           Time
          49000       49.00000

   Energies (kJ/mol)
          Angle    Proper Dih.  Improper Dih.          LJ-14     Coulomb-14
    1.33704e+04    1.74603e+04    6.91355e+02    6.58655e+03    5.98493e+04
        LJ (SR)  Disper. corr.   Coulomb (SR)   Coul. recip.      Potential
    1.12319e+05   -8.47417e+03   -1.03461e+06    6.04331e+03   -8.26759e+05
    Kinetic En.   Total Energy  Conserved En.    Temperature Pres. DC (bar)
    1.59509e+05   -6.67250e+05   -6.15899e+05    2.98610e+02   -2.18501e+02
 Pressure (bar)   Constr. rmsd
    1.85655e+01    1.03267e-05

           Step           Time
          49500       49.50000

   Energies (kJ/mol)
          Angle    Proper Dih.  Improper Dih.          LJ-14     Coulomb-14
    1.29329e+04    1.73629e+04    7.18122e+02    6.59731e+03    5.97652e+04
        LJ (SR)  Disper. corr.   Coulomb (SR)   Coul. recip.      Potential
    1.12381e+05   -8.48059e+03   -1.03558e+06    5.99508e+03   -8.28305e+05
    Kinetic En.   Total Energy  Conserved En.    Temperature Pres. DC (bar)
    1.59773e+05   -6.68532e+05   -6.15913e+05    2.99105e+02   -2.18832e+02
 Pressure (bar)   Constr. rmsd
    1.19578e+02    8.98488e-06

           Step           Time
          50000       50.00000

Writing checkpoint, step 50000 at Mon Apr 10 17:07:03 2023


   Energies (kJ/mol)
          Angle    Proper Dih.  Improper Dih.          LJ-14     Coulomb-14
    1.33057e+04    1.75721e+04    7.49002e+02    6.57423e+03    5.95104e+04
        LJ (SR)  Disper. corr.   Coulomb (SR)   Coul. recip.      Potential
    1.11098e+05   -8.47925e+03   -1.03367e+06    6.02609e+03   -8.27316e+05
    Kinetic En.   Total Energy  Conserved En.    Temperature Pres. DC (bar)
    1.59829e+05   -6.67487e+05   -6.15908e+05    2.99210e+02   -2.18763e+02
 Pressure (bar)   Constr. rmsd
   -2.22090e+01    9.03761e-06


Energy conservation over simulation part #1 of length 50 ns, time 0 to 50 ns
  Conserved energy drift: -1.60e-02 kJ/mol/ps per atom


	<======  ###############  ==>
	<====  A V E R A G E S  ====>
	<==  ###############  ======>

	Statistics over 50001 steps using 501 frames

   Energies (kJ/mol)
          Angle    Proper Dih.  Improper Dih.          LJ-14     Coulomb-14
    1.32687e+04    1.75140e+04    7.28541e+02    6.54436e+03    5.97201e+04
        LJ (SR)  Disper. corr.   Coulomb (SR)   Coul. recip.      Potential
    1.11434e+05   -8.08169e+03   -1.03164e+06    6.11686e+03   -8.24393e+05
    Kinetic En.   Total Energy  Conserved En.    Temperature Pres. DC (bar)
    1.60340e+05   -6.64053e+05   -6.15671e+05    3.00166e+02   -1.99406e+02
 Pressure (bar)   Constr. rmsd
   -2.67637e+02    0.00000e+00

          Box-X          Box-Y          Box-Z
    8.84177e+00    9.10255e+00    8.41916e+00

   Total Virial (kJ/mol)
    5.97359e+04    1.56319e+02    7.65934e+00
    1.56244e+02    5.92677e+04    1.11556e+02
    9.72091e+00    1.11639e+02    5.91089e+04

   Pressure (bar)
   -2.84967e+02   -2.72452e+00   -4.20386e+00
   -2.71739e+00   -2.61539e+02   -1.55354e+00
   -4.30502e+00   -1.56315e+00   -2.56404e+02

      T-Protein  T-non-Protein
    3.02364e+02    2.99963e+02


	M E G A - F L O P S   A C C O U N T I N G

 NB=Group-cutoff nonbonded kernels    NxN=N-by-N cluster Verlet kernels
 RF=Reaction-Field  VdW=Van der Waals  QSTab=quadratic-spline table
 W3=SPC/TIP3p  W4=TIP4p (single or pairs)
 V&F=Potential and force  V=Potential only  F=Force only

 Computing:                               M-Number         M-Flops  % Flops
-----------------------------------------------------------------------------
 Pair Search distance check            2865.481024       25789.329     0.0
 NxN Ewald Elec. + LJ [F]           2680229.591424   176895153.034    97.9
 NxN Ewald Elec. + LJ [V&F]           27128.122304     2902709.087     1.6
 1,4 nonbonded interactions             726.164523       65354.807     0.0
 Shift-X                                 32.205783         193.235     0.0
 Angles                                 503.160063       84530.891     0.0
 Propers                                883.917678      202417.148     0.1
 Impropers                               57.751155       12012.240     0.0
 Virial                                 321.704328        5790.678     0.0
 Stop-CM                                 32.205783         322.058     0.0
 P-Coupling                             321.479283        1928.876     0.0
 Calc-Ekin                              642.958566       17359.881     0.0
 Lincs                                  279.055581       16743.335     0.0
 Lincs-Mat                             6037.920756       24151.683     0.0
 Constraint-V                          3496.819935       31471.379     0.0
 Constraint-Vir                         321.834354        7724.024     0.0
 Settle                                 979.569591      362440.749     0.2
-----------------------------------------------------------------------------
 Total                                               180656092.434   100.0
-----------------------------------------------------------------------------


     R E A L   C Y C L E   A N D   T I M E   A C C O U N T I N G

On 1 MPI rank, each using 10 OpenMP threads

 Computing:          Num   Num      Call    Wall time         Giga-Cycles
                     Ranks Threads  Count      (s)         total sum    %
-----------------------------------------------------------------------------
 Neighbor search        1   10        501       4.803        172.893   4.0
 Launch GPU ops.        1   10      50001       9.061        326.195   7.6
 Force                  1   10      50001      24.307        875.078  20.3
 Wait PME GPU gather    1   10      50001       0.912         32.847   0.8
 Reduce GPU PME F       1   10      50001       4.122        148.389   3.4
 Wait GPU NB local                              0.540         19.451   0.5
 NB X/F buffer ops.     1   10      99501      14.739        530.599  12.3
 Write traj.            1   10        101       0.578         20.797   0.5
 Update                 1   10      50001       9.848        354.530   8.2
 Constraints            1   10      50001      35.947       1294.121  30.0
 Rest                                          14.964        538.711  12.5
-----------------------------------------------------------------------------
 Total                                        119.821       4313.612 100.0
-----------------------------------------------------------------------------

               Core t (s)   Wall t (s)        (%)
       Time:     1198.210      119.821     1000.0
                 (ns/day)    (hour/ns)
Performance:       36.054        0.666
Finished mdrun on rank 0 Mon Apr 10 17:07:03 2023

