                      :-) GROMACS - gmx mdrun, 2021.5 (-:

                            GROMACS is written by:
     Andrey Alekseenko              Emile Apol              Rossen Apostolov     
         Paul Bauer           Herman J.C. Berendsen           Par Bjelkmar       
       Christian Blau           Viacheslav Bolnykh             Kevin Boyd        
     Aldert van Buuren           Rudi van Drunen             Anton Feenstra      
    Gilles Gouaillardet             Alan Gray               Gerrit Groenhof      
       Anca Hamuraru            Vincent Hindriksen          M. Eric Irrgang      
      Aleksei Iupinov           Christoph Junghans             Joe Jordan        
    Dimitrios Karkoulis            Peter Kasson                Jiri Kraus        
      Carsten Kutzner              Per Larsson              Justin A. Lemkul     
       Viveca Lindahl            Magnus Lundborg             Erik Marklund       
        Pascal Merz             Pieter Meulenhoff            Teemu Murtola       
        Szilard Pall               Sander Pronk              Roland Schulz       
       Michael Shirts            Alexey Shvetsov             Alfons Sijbers      
       Peter Tieleman              Jon Vincent              Teemu Virolainen     
     Christian Wennberg            Maarten Wolf              Artem Zhmurov       
                           and the project leaders:
        Mark Abraham, Berk Hess, Erik Lindahl, and David van der Spoel

Copyright (c) 1991-2000, University of Groningen, The Netherlands.
Copyright (c) 2001-2019, The GROMACS development team at
Uppsala University, Stockholm University and
the Royal Institute of Technology, Sweden.
check out http://www.gromacs.org for more information.

GROMACS is free software; you can redistribute it and/or modify it
under the terms of the GNU Lesser General Public License
as published by the Free Software Foundation; either version 2.1
of the License, or (at your option) any later version.

GROMACS:      gmx mdrun, version 2021.5
Executable:   /home/user01/software/gmx_mpi-2021.5/bin//gmx_mpi
Data prefix:  /home/user01/software/gmx_mpi-2021.5
Working dir:  /home/user01/GIT-repository/02-EXTEND-POINT/example/5VMP
Process ID:   25397
Command line:
  gmx_mpi mdrun -deffnm prod1 -ntomp 10

GROMACS version:    2021.5
Precision:          mixed
Memory model:       64 bit
MPI library:        MPI
OpenMP support:     enabled (GMX_OPENMP_MAX_THREADS = 64)
GPU support:        CUDA
SIMD instructions:  AVX_512
FFT library:        fftw-3.3.8-sse2-avx-avx2-avx2_128-avx512
RDTSCP usage:       enabled
TNG support:        enabled
Hwloc support:      disabled
Tracing support:    disabled
C compiler:         /usr/bin/cc GNU 8.4.0
C compiler flags:   -mavx512f -mfma -pthread -Wno-missing-field-initializers -fexcess-precision=fast -funroll-all-loops -O3 -DNDEBUG
C++ compiler:       /usr/bin/c++ GNU 8.4.0
C++ compiler flags: -mavx512f -mfma -pthread -Wno-missing-field-initializers -fexcess-precision=fast -funroll-all-loops -fopenmp -O3 -DNDEBUG
CUDA compiler:      /usr/local/cuda/bin/nvcc nvcc: NVIDIA (R) Cuda compiler driver;Copyright (c) 2005-2019 NVIDIA Corporation;Built on Sun_Jul_28_19:07:16_PDT_2019;Cuda compilation tools, release 10.1, V10.1.243
CUDA compiler flags:-std=c++14;-gencode;arch=compute_30,code=sm_30;-gencode;arch=compute_35,code=sm_35;-gencode;arch=compute_37,code=sm_37;-gencode;arch=compute_50,code=sm_50;-gencode;arch=compute_52,code=sm_52;-gencode;arch=compute_60,code=sm_60;-gencode;arch=compute_61,code=sm_61;-gencode;arch=compute_70,code=sm_70;-gencode;arch=compute_75,code=sm_75;-gencode;arch=compute_35,code=compute_35;-gencode;arch=compute_32,code=compute_32;-use_fast_math;-D_FORCE_INLINES;-mavx512f -mfma -pthread -Wno-missing-field-initializers -fexcess-precision=fast -funroll-all-loops -fopenmp -O3 -DNDEBUG
CUDA driver:        11.40
CUDA runtime:       10.10


Running on 1 node with total 4 cores, 8 logical cores, 2 compatible GPUs
Hardware detected on host union (the node of MPI rank 0):
  CPU info:
    Vendor: Intel
    Brand:  Intel(R) Xeon(R) W-2123 CPU @ 3.60GHz
    Family: 6   Model: 85   Stepping: 4
    Features: aes apic avx avx2 avx512f avx512cd avx512bw avx512vl avx512secondFMA clfsh cmov cx8 cx16 f16c fma hle htt intel lahf mmx msr nonstop_tsc pcid pclmuldq pdcm pdpe1gb popcnt pse rdrnd rdtscp rtm sse2 sse3 sse4.1 sse4.2 ssse3 tdt x2apic
    Number of AVX-512 FMA units: 2
  Hardware topology: Basic
    Sockets, cores, and logical processors:
      Socket  0: [   0   4] [   1   5] [   2   6] [   3   7]
  GPU info:
    Number of GPUs detected: 2
    #0: NVIDIA NVIDIA GeForce GTX 1080 Ti, compute cap.: 6.1, ECC:  no, stat: compatible
    #1: NVIDIA NVIDIA GeForce GTX 1080 Ti, compute cap.: 6.1, ECC:  no, stat: compatible


++++ PLEASE READ AND CITE THE FOLLOWING REFERENCE ++++
M. J. Abraham, T. Murtola, R. Schulz, S. Páll, J. C. Smith, B. Hess, E.
Lindahl
GROMACS: High performance molecular simulations through multi-level
parallelism from laptops to supercomputers
SoftwareX 1 (2015) pp. 19-25
-------- -------- --- Thank You --- -------- --------


++++ PLEASE READ AND CITE THE FOLLOWING REFERENCE ++++
S. Páll, M. J. Abraham, C. Kutzner, B. Hess, E. Lindahl
Tackling Exascale Software Challenges in Molecular Dynamics Simulations with
GROMACS
In S. Markidis & E. Laure (Eds.), Solving Software Challenges for Exascale 8759 (2015) pp. 3-27
-------- -------- --- Thank You --- -------- --------


++++ PLEASE READ AND CITE THE FOLLOWING REFERENCE ++++
S. Pronk, S. Páll, R. Schulz, P. Larsson, P. Bjelkmar, R. Apostolov, M. R.
Shirts, J. C. Smith, P. M. Kasson, D. van der Spoel, B. Hess, and E. Lindahl
GROMACS 4.5: a high-throughput and highly parallel open source molecular
simulation toolkit
Bioinformatics 29 (2013) pp. 845-54
-------- -------- --- Thank You --- -------- --------


++++ PLEASE READ AND CITE THE FOLLOWING REFERENCE ++++
B. Hess and C. Kutzner and D. van der Spoel and E. Lindahl
GROMACS 4: Algorithms for highly efficient, load-balanced, and scalable
molecular simulation
J. Chem. Theory Comput. 4 (2008) pp. 435-447
-------- -------- --- Thank You --- -------- --------


++++ PLEASE READ AND CITE THE FOLLOWING REFERENCE ++++
D. van der Spoel, E. Lindahl, B. Hess, G. Groenhof, A. E. Mark and H. J. C.
Berendsen
GROMACS: Fast, Flexible and Free
J. Comp. Chem. 26 (2005) pp. 1701-1719
-------- -------- --- Thank You --- -------- --------


++++ PLEASE READ AND CITE THE FOLLOWING REFERENCE ++++
E. Lindahl and B. Hess and D. van der Spoel
GROMACS 3.0: A package for molecular simulation and trajectory analysis
J. Mol. Mod. 7 (2001) pp. 306-317
-------- -------- --- Thank You --- -------- --------


++++ PLEASE READ AND CITE THE FOLLOWING REFERENCE ++++
H. J. C. Berendsen, D. van der Spoel and R. van Drunen
GROMACS: A message-passing parallel molecular dynamics implementation
Comp. Phys. Comm. 91 (1995) pp. 43-56
-------- -------- --- Thank You --- -------- --------


++++ PLEASE CITE THE DOI FOR THIS VERSION OF GROMACS ++++
https://doi.org/10.5281/zenodo.5850051
-------- -------- --- Thank You --- -------- --------

Input Parameters:
   integrator                     = md
   tinit                          = 0
   dt                             = 0.002
   nsteps                         = 5000
   init-step                      = 0
   simulation-part                = 1
   mts                            = false
   comm-mode                      = Linear
   nstcomm                        = 100
   bd-fric                        = 0
   ld-seed                        = -1463813765
   emtol                          = 10
   emstep                         = 0.01
   niter                          = 20
   fcstep                         = 0
   nstcgsteep                     = 1000
   nbfgscorr                      = 10
   rtpi                           = 0.05
   nstxout                        = 0
   nstvout                        = 0
   nstfout                        = 0
   nstlog                         = 500
   nstcalcenergy                  = 100
   nstenergy                      = 0
   nstxout-compressed             = 500
   compressed-x-precision         = 1000
   cutoff-scheme                  = Verlet
   nstlist                        = 10
   pbc                            = xyz
   periodic-molecules             = false
   verlet-buffer-tolerance        = 0.005
   rlist                          = 1
   coulombtype                    = PME
   coulomb-modifier               = Potential-shift
   rcoulomb-switch                = 0
   rcoulomb                       = 1
   epsilon-r                      = 1
   epsilon-rf                     = inf
   vdw-type                       = Cut-off
   vdw-modifier                   = Potential-shift
   rvdw-switch                    = 0
   rvdw                           = 1
   DispCorr                       = EnerPres
   table-extension                = 1
   fourierspacing                 = 0.16
   fourier-nx                     = 56
   fourier-ny                     = 56
   fourier-nz                     = 52
   pme-order                      = 4
   ewald-rtol                     = 1e-05
   ewald-rtol-lj                  = 0.001
   lj-pme-comb-rule               = Geometric
   ewald-geometry                 = 0
   epsilon-surface                = 0
   tcoupl                         = V-rescale
   nsttcouple                     = 10
   nh-chain-length                = 0
   print-nose-hoover-chain-variables = false
   pcoupl                         = Berendsen
   pcoupltype                     = Isotropic
   nstpcouple                     = 10
   tau-p                          = 2
   compressibility (3x3):
      compressibility[    0]={ 4.50000e-05,  0.00000e+00,  0.00000e+00}
      compressibility[    1]={ 0.00000e+00,  4.50000e-05,  0.00000e+00}
      compressibility[    2]={ 0.00000e+00,  0.00000e+00,  4.50000e-05}
   ref-p (3x3):
      ref-p[    0]={ 1.00000e+00,  0.00000e+00,  0.00000e+00}
      ref-p[    1]={ 0.00000e+00,  1.00000e+00,  0.00000e+00}
      ref-p[    2]={ 0.00000e+00,  0.00000e+00,  1.00000e+00}
   refcoord-scaling               = COM
   posres-com (3):
      posres-com[0]= 0.00000e+00
      posres-com[1]= 0.00000e+00
      posres-com[2]= 0.00000e+00
   posres-comB (3):
      posres-comB[0]= 0.00000e+00
      posres-comB[1]= 0.00000e+00
      posres-comB[2]= 0.00000e+00
   QMMM                           = false
qm-opts:
   ngQM                           = 0
   constraint-algorithm           = Lincs
   continuation                   = false
   Shake-SOR                      = false
   shake-tol                      = 0.0001
   lincs-order                    = 4
   lincs-iter                     = 1
   lincs-warnangle                = 30
   nwall                          = 0
   wall-type                      = 9-3
   wall-r-linpot                  = -1
   wall-atomtype[0]               = -1
   wall-atomtype[1]               = -1
   wall-density[0]                = 0
   wall-density[1]                = 0
   wall-ewald-zfac                = 3
   pull                           = false
   awh                            = false
   rotation                       = false
   interactiveMD                  = false
   disre                          = No
   disre-weighting                = Conservative
   disre-mixed                    = false
   dr-fc                          = 1000
   dr-tau                         = 0
   nstdisreout                    = 100
   orire-fc                       = 0
   orire-tau                      = 0
   nstorireout                    = 100
   free-energy                    = no
   cos-acceleration               = 0
   deform (3x3):
      deform[    0]={ 0.00000e+00,  0.00000e+00,  0.00000e+00}
      deform[    1]={ 0.00000e+00,  0.00000e+00,  0.00000e+00}
      deform[    2]={ 0.00000e+00,  0.00000e+00,  0.00000e+00}
   simulated-tempering            = false
   swapcoords                     = no
   userint1                       = 0
   userint2                       = 0
   userint3                       = 0
   userint4                       = 0
   userreal1                      = 0
   userreal2                      = 0
   userreal3                      = 0
   userreal4                      = 0
   applied-forces:
     electric-field:
       x:
         E0                       = 0
         omega                    = 0
         t0                       = 0
         sigma                    = 0
       y:
         E0                       = 0
         omega                    = 0
         t0                       = 0
         sigma                    = 0
       z:
         E0                       = 0
         omega                    = 0
         t0                       = 0
         sigma                    = 0
     density-guided-simulation:
       active                     = false
       group                      = protein
       similarity-measure         = inner-product
       atom-spreading-weight      = unity
       force-constant             = 1e+09
       gaussian-transform-spreading-width = 0.2
       gaussian-transform-spreading-range-in-multiples-of-width = 4
       reference-density-filename = reference.mrc
       nst                        = 1
       normalize-densities        = true
       adaptive-force-scaling     = false
       adaptive-force-scaling-time-constant = 4
       shift-vector               = 
       transformation-matrix      = 
grpopts:
   nrdf:     10877.7      117614
   ref-t:         300         300
   tau-t:         0.1         0.1
annealing:          No          No
annealing-npoints:           0           0
   acc:	           0           0           0
   nfreeze:           N           N           N
   energygrp-flags[  0]: 0

Changing nstlist from 10 to 100, rlist from 1 to 1.154

1 GPU selected for this run.
Mapping of GPU IDs to the 2 GPU tasks in the 1 rank on this node:
  PP:0,PME:0
PP tasks will do (non-perturbed) short-ranged interactions on the GPU
PP task will update and constrain coordinates on the CPU
PME tasks will do all aspects on the GPU
Using 1 MPI process
Using 10 OpenMP threads 


WARNING: On rank 0: oversubscribing the available 8 logical CPU cores per node with 10 threads.
         This will cause considerable performance loss.

NOTE: Oversubscribing the CPU, will not pin threads
System total charge: 0.001
Will do PME sum in reciprocal space for electrostatic interactions.

++++ PLEASE READ AND CITE THE FOLLOWING REFERENCE ++++
U. Essmann, L. Perera, M. L. Berkowitz, T. Darden, H. Lee and L. G. Pedersen 
A smooth particle mesh Ewald method
J. Chem. Phys. 103 (1995) pp. 8577-8592
-------- -------- --- Thank You --- -------- --------

Using a Gaussian width (1/beta) of 0.320163 nm for Ewald
Potential shift: LJ r^-12: -1.000e+00 r^-6: -1.000e+00, Ewald -1.000e-05
Initialized non-bonded Ewald tables, spacing: 9.33e-04 size: 1073

Generated table with 1077 data points for 1-4 COUL.
Tabscale = 500 points/nm
Generated table with 1077 data points for 1-4 LJ6.
Tabscale = 500 points/nm
Generated table with 1077 data points for 1-4 LJ12.
Tabscale = 500 points/nm

Long Range LJ corr.: <C6> 3.1605e-04


Using GPU 8x8 nonbonded short-range kernels

Using a dual 8x8 pair-list setup updated with dynamic, rolling pruning:
  outer list: updated every 100 steps, buffer 0.154 nm, rlist 1.154 nm
  inner list: updated every  12 steps, buffer 0.006 nm, rlist 1.006 nm
At tolerance 0.005 kJ/mol/ps per atom, equivalent classical 1x1 list would be:
  outer list: updated every 100 steps, buffer 0.303 nm, rlist 1.303 nm
  inner list: updated every  12 steps, buffer 0.054 nm, rlist 1.054 nm

Using Lorentz-Berthelot Lennard-Jones combination rule
Removing pbc first time

Initializing LINear Constraint Solver

++++ PLEASE READ AND CITE THE FOLLOWING REFERENCE ++++
B. Hess and H. Bekker and H. J. C. Berendsen and J. G. E. M. Fraaije
LINCS: A Linear Constraint Solver for molecular simulations
J. Comp. Chem. 18 (1997) pp. 1463-1472
-------- -------- --- Thank You --- -------- --------

The number of constraints is 5581

++++ PLEASE READ AND CITE THE FOLLOWING REFERENCE ++++
S. Miyamoto and P. A. Kollman
SETTLE: An Analytical Version of the SHAKE and RATTLE Algorithms for Rigid
Water Models
J. Comp. Chem. 13 (1992) pp. 952-962
-------- -------- --- Thank You --- -------- --------


++++ PLEASE READ AND CITE THE FOLLOWING REFERENCE ++++
G. Bussi, D. Donadio and M. Parrinello
Canonical sampling through velocity rescaling
J. Chem. Phys. 126 (2007) pp. 014101
-------- -------- --- Thank You --- -------- --------

There are: 64283 Atoms

Constraining the starting coordinates (step 0)

Constraining the coordinates at t0-dt (step 0)
Center of mass motion removal mode is Linear
We have the following groups for center of mass motion removal:
  0:  rest
RMS relative constraint deviation after constraining: 3.80e-05
Initial temperature: 300.783 K

Started mdrun on rank 0 Mon Apr 10 17:07:06 2023

           Step           Time
              0        0.00000

   Energies (kJ/mol)
          Angle    Proper Dih.  Improper Dih.          LJ-14     Coulomb-14
    1.33693e+04    1.75755e+04    7.53407e+02    6.58010e+03    5.95110e+04
        LJ (SR)  Disper. corr.   Coulomb (SR)   Coul. recip.      Potential
    1.11135e+05   -8.47924e+03   -1.03361e+06    6.03233e+03   -8.27136e+05
    Kinetic En.   Total Energy  Conserved En.    Temperature Pres. DC (bar)
    1.63186e+05   -6.63951e+05   -6.63955e+05    3.05493e+02   -2.18762e+02
 Pressure (bar)   Constr. rmsd
    8.73507e+01    3.41636e-05

           Step           Time
            500        1.00000

   Energies (kJ/mol)
          Angle    Proper Dih.  Improper Dih.          LJ-14     Coulomb-14
    1.31665e+04    1.75053e+04    7.01738e+02    6.50648e+03    5.99481e+04
        LJ (SR)  Disper. corr.   Coulomb (SR)   Coul. recip.      Potential
    1.10997e+05   -8.48273e+03   -1.03544e+06    6.05318e+03   -8.29042e+05
    Kinetic En.   Total Energy  Conserved En.    Temperature Pres. DC (bar)
    1.59561e+05   -6.69481e+05   -6.63941e+05    2.98707e+02   -2.18942e+02
 Pressure (bar)   Constr. rmsd
   -1.55974e+02    3.50487e-05

           Step           Time
           1000        2.00000

   Energies (kJ/mol)
          Angle    Proper Dih.  Improper Dih.          LJ-14     Coulomb-14
    1.30748e+04    1.74855e+04    6.84895e+02    6.50056e+03    5.96008e+04
        LJ (SR)  Disper. corr.   Coulomb (SR)   Coul. recip.      Potential
    1.12185e+05   -8.48494e+03   -1.03618e+06    6.04701e+03   -8.29087e+05
    Kinetic En.   Total Energy  Conserved En.    Temperature Pres. DC (bar)
    1.60540e+05   -6.68547e+05   -6.64032e+05    3.00540e+02   -2.19056e+02
 Pressure (bar)   Constr. rmsd
   -1.58562e+01    3.42832e-05

           Step           Time
           1500        3.00000

   Energies (kJ/mol)
          Angle    Proper Dih.  Improper Dih.          LJ-14     Coulomb-14
    1.31039e+04    1.75391e+04    6.70522e+02    6.56719e+03    5.95114e+04
        LJ (SR)  Disper. corr.   Coulomb (SR)   Coul. recip.      Potential
    1.12209e+05   -8.48803e+03   -1.03696e+06    5.89816e+03   -8.29949e+05
    Kinetic En.   Total Energy  Conserved En.    Temperature Pres. DC (bar)
    1.60803e+05   -6.69146e+05   -6.64124e+05    3.01034e+02   -2.19216e+02
 Pressure (bar)   Constr. rmsd
   -1.25532e+02    3.63505e-05

           Step           Time
           2000        4.00000

   Energies (kJ/mol)
          Angle    Proper Dih.  Improper Dih.          LJ-14     Coulomb-14
    1.32615e+04    1.74580e+04    7.40337e+02    6.48587e+03    5.97212e+04
        LJ (SR)  Disper. corr.   Coulomb (SR)   Coul. recip.      Potential
    1.10501e+05   -8.48887e+03   -1.03344e+06    6.07320e+03   -8.27683e+05
    Kinetic En.   Total Energy  Conserved En.    Temperature Pres. DC (bar)
    1.60220e+05   -6.67464e+05   -6.64149e+05    2.99941e+02   -2.19259e+02
 Pressure (bar)   Constr. rmsd
   -1.20668e+02    3.59630e-05

step 2200: timed with pme grid 56 56 52, coulomb cutoff 1.000: 844.9 M-cycles
step 2400: timed with pme grid 52 52 48, coulomb cutoff 1.078: 882.7 M-cycles
           Step           Time
           2500        5.00000

   Energies (kJ/mol)
          Angle    Proper Dih.  Improper Dih.          LJ-14     Coulomb-14
    1.32281e+04    1.74159e+04    6.39850e+02    6.50533e+03    5.95413e+04
        LJ (SR)  Disper. corr.   Coulomb (SR)   Coul. recip.      Potential
    1.13067e+05   -8.49032e+03   -1.03485e+06    3.48898e+03   -8.29451e+05
    Kinetic En.   Total Energy  Conserved En.    Temperature Pres. DC (bar)
    1.59202e+05   -6.70249e+05   -6.64157e+05    2.98036e+02   -2.19334e+02
 Pressure (bar)   Constr. rmsd
   -4.52021e+00    3.66633e-05

step 2600: timed with pme grid 48 48 44, coulomb cutoff 1.176: 959.8 M-cycles
step 2800: timed with pme grid 48 48 48, coulomb cutoff 1.166: 927.0 M-cycles
step 3000: timed with pme grid 48 52 48, coulomb cutoff 1.132: 911.5 M-cycles
           Step           Time
           3000        6.00000

   Energies (kJ/mol)
          Angle    Proper Dih.  Improper Dih.          LJ-14     Coulomb-14
    1.31366e+04    1.73734e+04    7.66845e+02    6.43589e+03    5.95046e+04
        LJ (SR)  Disper. corr.   Coulomb (SR)   Coul. recip.      Potential
    1.11652e+05   -8.49442e+03   -1.03492e+06    4.57151e+03   -8.29971e+05
    Kinetic En.   Total Energy  Conserved En.    Temperature Pres. DC (bar)
    1.59077e+05   -6.70894e+05   -6.64236e+05    2.97801e+02   -2.19545e+02
 Pressure (bar)   Constr. rmsd
   -9.14864e+01    3.41651e-05

step 3200: timed with pme grid 52 52 48, coulomb cutoff 1.078: 897.1 M-cycles
step 3400: timed with pme grid 52 52 52, coulomb cutoff 1.076: 887.4 M-cycles
           Step           Time
           3500        7.00000

   Energies (kJ/mol)
          Angle    Proper Dih.  Improper Dih.          LJ-14     Coulomb-14
    1.30794e+04    1.75173e+04    7.09074e+02    6.51779e+03    5.96227e+04
        LJ (SR)  Disper. corr.   Coulomb (SR)   Coul. recip.      Potential
    1.10619e+05   -8.49366e+03   -1.03278e+06    5.05861e+03   -8.28151e+05
    Kinetic En.   Total Energy  Conserved En.    Temperature Pres. DC (bar)
    1.59865e+05   -6.68286e+05   -6.64287e+05    2.99277e+02   -2.19506e+02
 Pressure (bar)   Constr. rmsd
   -1.76335e+02    3.64652e-05

step 3600: timed with pme grid 52 56 52, coulomb cutoff 1.045: 904.6 M-cycles
step 3800: timed with pme grid 56 56 52, coulomb cutoff 1.000: 884.7 M-cycles
              optimal pme grid 56 56 52, coulomb cutoff 1.000
           Step           Time
           4000        8.00000

   Energies (kJ/mol)
          Angle    Proper Dih.  Improper Dih.          LJ-14     Coulomb-14
    1.29654e+04    1.75885e+04    7.59645e+02    6.43798e+03    5.98860e+04
        LJ (SR)  Disper. corr.   Coulomb (SR)   Coul. recip.      Potential
    1.12118e+05   -8.49261e+03   -1.03674e+06    5.89487e+03   -8.29584e+05
    Kinetic En.   Total Energy  Conserved En.    Temperature Pres. DC (bar)
    1.58267e+05   -6.71317e+05   -6.64349e+05    2.96285e+02   -2.19452e+02
 Pressure (bar)   Constr. rmsd
   -1.35893e+02    3.56613e-05

           Step           Time
           4500        9.00000

   Energies (kJ/mol)
          Angle    Proper Dih.  Improper Dih.          LJ-14     Coulomb-14
    1.30589e+04    1.76208e+04    7.30133e+02    6.58263e+03    5.98417e+04
        LJ (SR)  Disper. corr.   Coulomb (SR)   Coul. recip.      Potential
    1.11465e+05   -8.48898e+03   -1.03463e+06    5.94324e+03   -8.27879e+05
    Kinetic En.   Total Energy  Conserved En.    Temperature Pres. DC (bar)
    1.60808e+05   -6.67072e+05   -6.64438e+05    3.01042e+02   -2.19264e+02
 Pressure (bar)   Constr. rmsd
   -5.75343e+01    3.81561e-05

           Step           Time
           5000       10.00000

Writing checkpoint, step 5000 at Mon Apr 10 17:07:21 2023


   Energies (kJ/mol)
          Angle    Proper Dih.  Improper Dih.          LJ-14     Coulomb-14
    1.32494e+04    1.74640e+04    6.88731e+02    6.47811e+03    5.96476e+04
        LJ (SR)  Disper. corr.   Coulomb (SR)   Coul. recip.      Potential
    1.12106e+05   -8.49105e+03   -1.03559e+06    6.00519e+03   -8.28446e+05
    Kinetic En.   Total Energy  Conserved En.    Temperature Pres. DC (bar)
    1.59740e+05   -6.68706e+05   -6.64457e+05    2.99043e+02   -2.19371e+02
 Pressure (bar)   Constr. rmsd
    1.97397e+01    3.61428e-05


Energy conservation over simulation part #1 of length 10 ns, time 0 to 10 ns
  Conserved energy drift: -7.82e-04 kJ/mol/ps per atom


	<======  ###############  ==>
	<====  A V E R A G E S  ====>
	<==  ###############  ======>

	Statistics over 5001 steps using 51 frames

   Energies (kJ/mol)
          Angle    Proper Dih.  Improper Dih.          LJ-14     Coulomb-14
    1.32186e+04    1.75156e+04    7.16900e+02    6.52472e+03    5.96579e+04
        LJ (SR)  Disper. corr.   Coulomb (SR)   Coul. recip.      Potential
    1.12213e+05   -8.48948e+03   -1.03527e+06    5.52139e+03   -8.28387e+05
    Kinetic En.   Total Energy  Conserved En.    Temperature Pres. DC (bar)
    1.60120e+05   -6.68267e+05   -6.64189e+05    2.99755e+02   -2.19290e+02
 Pressure (bar)   Constr. rmsd
   -2.45466e+00    0.00000e+00

          Box-X          Box-Y          Box-Z
    8.69145e+00    8.94780e+00    8.27603e+00

   Total Virial (kJ/mol)
    5.34113e+04    3.54576e+02   -5.89793e+02
    3.53020e+02    5.28622e+04   -1.07160e+02
   -5.90450e+02   -1.06744e+02    5.39897e+04

   Pressure (bar)
   -1.26325e+00   -8.91783e+00    2.70485e+01
   -8.83755e+00    2.27642e+01    8.85619e+00
    2.70824e+01    8.83468e+00   -2.88650e+01

      T-Protein  T-non-Protein
    3.00115e+02    2.99721e+02


	M E G A - F L O P S   A C C O U N T I N G

 NB=Group-cutoff nonbonded kernels    NxN=N-by-N cluster Verlet kernels
 RF=Reaction-Field  VdW=Van der Waals  QSTab=quadratic-spline table
 W3=SPC/TIP3p  W4=TIP4p (single or pairs)
 V&F=Potential and force  V=Potential only  F=Force only

 Computing:                               M-Number         M-Flops  % Flops
-----------------------------------------------------------------------------
 Pair Search distance check             318.530960        2866.779     0.0
 NxN Ewald Elec. + LJ [F]            319959.775872    21117345.208    98.0
 NxN Ewald Elec. + LJ [V&F]            3293.462848      352400.525     1.6
 1,4 nonbonded interactions              72.629523        6536.657     0.0
 Shift-X                                  3.278433          19.671     0.0
 Angles                                  50.325063        8454.611     0.0
 Propers                                 88.407678       20245.358     0.1
 Impropers                                5.776155        1201.440     0.0
 Virial                                  32.228328         580.110     0.0
 Stop-CM                                  3.342716          33.427     0.0
 P-Coupling                              32.205783         193.235     0.0
 Calc-Ekin                               64.411566        1739.112     0.0
 Lincs                                   27.921743        1675.305     0.0
 Lincs-Mat                              604.142268        2416.569     0.0
 Constraint-V                           349.814870        3148.334     0.0
 Constraint-Vir                          32.241354         773.792     0.0
 Settle                                  98.013773       36265.096     0.2
-----------------------------------------------------------------------------
 Total                                                21555895.228   100.0
-----------------------------------------------------------------------------


     R E A L   C Y C L E   A N D   T I M E   A C C O U N T I N G

On 1 MPI rank, each using 10 OpenMP threads

 Computing:          Num   Num      Call    Wall time         Giga-Cycles
                     Ranks Threads  Count      (s)         total sum    %
-----------------------------------------------------------------------------
 Neighbor search        1   10         51       0.557         20.068   3.6
 Launch GPU ops.        1   10       5001       0.975         35.098   6.3
 Force                  1   10       5001       2.468         88.832  15.9
 Wait PME GPU gather    1   10       5001       0.202          7.280   1.3
 Reduce GPU PME F       1   10       5001       0.412         14.845   2.7
 Wait GPU NB local                              0.162          5.833   1.0
 NB X/F buffer ops.     1   10       9951       1.567         56.411  10.1
 Write traj.            1   10         11       0.373         13.413   2.4
 Update                 1   10       5001       1.069         38.486   6.9
 Constraints            1   10       5003       3.669        132.071  23.7
 Rest                                           4.030        145.079  26.0
-----------------------------------------------------------------------------
 Total                                         15.484        557.418 100.0
-----------------------------------------------------------------------------

               Core t (s)   Wall t (s)        (%)
       Time:      154.835       15.484     1000.0
                 (ns/day)    (hour/ns)
Performance:       55.812        0.430
Finished mdrun on rank 0 Mon Apr 10 17:07:21 2023

