            --------------------------------------------------------
                             AMBER SQM VERSION 19
 
                                     By
              Ross C. Walker, Michael F. Crowley, Scott Brozell,
                         Tim Giese, Andreas W. Goetz,
                        Tai-Sung Lee and David A. Case
 
            --------------------------------------------------------
 

--------------------------------------------------------------------------------
  QM CALCULATION INFO
--------------------------------------------------------------------------------

| QMMM: Citation for AMBER QMMM Run:
| QMMM: R.C. Walker, M.F. Crowley and D.A. Case, J. COMP. CHEM. 29:1019, 2008

QMMM: SINGLET STATE CALCULATION
QMMM: RHF CALCULATION, NO. OF DOUBLY OCCUPIED LEVELS = 50

| QMMM: *** Selected Hamiltonian *** 
| QMMM: AM1         

| QMMM: *** Parameter sets in use ***
| QMMM: C : M.J.S.DEWAR et al. JACS, 107, 3902, (1985)
| QMMM: N : M.J.S.DEWAR et al. JACS, 107, 3902, (1985)
| QMMM: O : M.J.S.DEWAR et al. JACS, 107, 3902, (1985)

| QMMM: *** SCF convergence criteria ***
| QMMM: Energy change                :  0.1D-09 kcal/mol
| QMMM: Error matrix |FP-PF|         :  0.1D+00 au
| QMMM: Density matrix change        :  0.5D-06
| QMMM: Maximum number of SCF cycles :     1000

| QMMM: *** Diagonalization Routine Information ***
| QMMM: Pseudo diagonalizations are allowed.
| QMMM: Auto diagonalization routine selection is in use.
| QMMM:
| QMMM: Timing diagonalization routines:
| QMMM:                              norbs =       92
| QMMM:    diag iterations used for timing =       15
| QMMM:
| QMMM:              Internal diag routine = 0.024493 seconds
| QMMM:                 Dspev diag routine = 0.021828 seconds
| QMMM:                Dspevd diag routine = 0.017106 seconds
| QMMM:                Dspevx diag routine = 0.084881 seconds
| QMMM:                 Dsyev diag routine = 0.024260 seconds
| QMMM:                Dsyevd diag routine = 0.019631 seconds
| QMMM:                Dsyevr diag routine = 0.021776 seconds
| QMMM:
| QMMM:                Pseudo diag routine = 0.008390 seconds
| QMMM:
| QMMM: Using dspevd routine (diag_routine=3).

  QMMM: QM Region Cartesian Coordinates (*=link atom) 
  QMMM: QM_NO.   MM_NO.  ATOM         X         Y         Z
  QMMM:     1        1      C       13.5220    5.5070   52.7410
  QMMM:     2        2      C       12.7430    4.3190   52.7570
  QMMM:     3        3      N       13.2040    3.1260   53.2450
  QMMM:     4        4      C       14.4420    3.0420   53.7610
  QMMM:     5        5      C       15.2900    4.1590   53.8070
  QMMM:     6        6      C       14.8900    5.3980   53.3120
  QMMM:     7        7      C       15.7930    6.5860   53.3840
  QMMM:     8        8      O       17.0390    6.4140   53.4900
  QMMM:     9        9      O       15.2490    7.7260   53.3830
  QMMM:    10       10      N       13.0940    6.7150   52.2520
  QMMM:    11       11      C       11.7620    6.9330   51.7140
  QMMM:    12       12      C       11.4650    8.3920   51.3430
  QMMM:    13       13      C       12.0330    9.3710   52.3720
  QMMM:    14       14      C       11.4280   10.7620   52.3280
  QMMM:    15       15      C        9.9950   10.6090   52.7680
  QMMM:    16       16      C        9.2750    9.6780   51.8020
  QMMM:    17       17      C        9.9970    8.5920   51.1190
  QMMM:    18       18      C        9.2690    7.8130   50.1970
  QMMM:    19       19      C        7.8900    8.0210   49.9590
  QMMM:    20       20      C        7.2270    9.0720   50.6220
  QMMM:    21       21      C        7.9320    9.8870   51.5320
  QMMM:    22       22      O        5.8840    9.3650   50.4380
  QMMM:    23       23      C        5.2130    8.7820   49.2890

--------------------------------------------------------------------------------
  RESULTS
--------------------------------------------------------------------------------

      iter         sqm energy              rms gradient
      ----    -------------------    -----------------------
xmin    10      792.5668 kcal/mol        3.3542 kcal/(mol*A)
xmin    20      789.0345 kcal/mol        1.8365 kcal/(mol*A)
xmin    30      788.6567 kcal/mol        0.8756 kcal/(mol*A)
xmin    40      788.5647 kcal/mol        0.2998 kcal/(mol*A)
xmin    50      788.5304 kcal/mol        0.0816 kcal/(mol*A)
xmin    60      788.5152 kcal/mol        0.0594 kcal/(mol*A)
xmin    70      788.5103 kcal/mol        0.1504 kcal/(mol*A)
xmin    80      787.3564 kcal/mol        3.1366 kcal/(mol*A)
xmin    90      747.6495 kcal/mol       29.2002 kcal/(mol*A)
xmin   100      718.7354 kcal/mol        0.2190 kcal/(mol*A)
xmin   110      718.7114 kcal/mol        0.1085 kcal/(mol*A)
xmin   120      718.7031 kcal/mol        0.0613 kcal/(mol*A)
xmin   130      718.7021 kcal/mol        0.0335 kcal/(mol*A)
xmin   140      718.7020 kcal/mol        0.0044 kcal/(mol*A)
xmin   150      718.7020 kcal/mol        0.0047 kcal/(mol*A)
xmin   160      718.7020 kcal/mol        0.0007 kcal/(mol*A)
  ... geometry converged !
 
 Final MO eigenvalues (eV):
 -44.2442  -42.9348  -41.1562  -40.6072  -39.6558  -37.7218  -37.3481  -34.6845
 -33.6402  -31.7151  -30.8911  -29.4312  -27.8075  -27.3861  -26.4582  -23.8977
 -22.8750  -22.2418  -21.8734  -20.9444  -20.3815  -19.4417  -19.4033  -18.5746
 -18.3079  -17.4775  -17.2918  -16.9110  -16.6845  -16.2648  -16.0866  -15.8572
 -15.5197  -14.6052  -14.3623  -14.0860  -13.6249  -13.1703  -13.1144  -12.7134
 -12.6129  -11.4021  -11.2396  -11.1493  -11.0111  -10.3928  -10.3295   -9.7901
  -9.1958   -9.0857   -3.7490   -2.5206   -2.3641   -2.3021   -1.6810   -1.6458
  -1.0823   -0.8115   -0.6076   -0.3807   -0.1584    0.1976    0.3459    0.5459
   0.5754    0.8324    1.0763    1.6169    1.6476    2.0718    2.4270    2.5913
   2.7368    2.8011    3.1429    3.2288    3.3226    3.5296    3.7474    3.8455
   4.1072    4.1674    4.3688    4.4275    4.4656    4.9592    5.0507    5.2242
   5.3475    5.4009    5.5026    5.7456

 Heat of formation   =        718.70195815 kcal/mol  (       31.16525555 eV)

 Total SCF energy    =     -84116.55251447 kcal/mol  (    -3647.56743049 eV)
 Electronic energy   =    -486948.36950203 kcal/mol  (   -21115.66582117 eV)
 Core-core repulsion =     402831.81698756 kcal/mol  (    17468.09839068 eV)
 
    Atomic Charges for Step       1 :
  Atom    Element       Mulliken Charge
     1      C                  0.034
     2      C                 -0.021
     3      N                 -0.045
     4      C                  0.293
     5      C                 -0.311
     6      C                 -0.023
     7      C                  0.345
     8      O                 -0.197
     9      O                 -0.194
    10      N                 -0.028
    11      C                  0.115
    12      C                  0.115
    13      C                 -0.123
    14      C                 -0.146
    15      C                  0.224
    16      C                 -0.183
    17      C                  0.064
    18      C                 -0.106
    19      C                 -0.070
    20      C                  0.055
    21      C                 -0.175
    22      O                 -0.105
    23      C                  0.483
 Total Mulliken Charge =       0.000
 
                  X        Y        Z     TOTAL  
  QM DIPOLE    -7.523   -2.125   -2.879    8.331
 
 Final Structure

  QMMM: QM Region Cartesian Coordinates (*=link atom) 
  QMMM: QM_NO.   MM_NO.  ATOM         X         Y         Z
  QMMM:     1        1      C       12.9590    5.2309   52.5645
  QMMM:     2        2      C       12.7249    3.8172   52.4429
  QMMM:     3        3      N       13.3480    2.7847   52.6526
  QMMM:     4        4      C       14.7706    2.9584   53.1915
  QMMM:     5        5      C       15.0405    4.2983   53.3248
  QMMM:     6        6      C       14.4238    5.4263   53.1198
  QMMM:     7        7      C       14.7989    6.8280   53.2941
  QMMM:     8        8      O       15.8547    7.2926   53.7020
  QMMM:     9        9      O       13.8925    7.8345   52.9773
  QMMM:    10       10      N       12.1747    6.2177   52.2932
  QMMM:    11       11      C       12.6165    7.5334   52.4906
  QMMM:    12       12      C       11.8303    8.6260   52.2212
  QMMM:    13       13      C       12.1681    9.9875   52.3808
  QMMM:    14       14      C       11.5021   10.9956   52.1546
  QMMM:    15       15      C       10.1811   11.2383   51.6640
  QMMM:    16       16      C        9.6612    9.8710   51.4358
  QMMM:    17       17      C       10.4474    8.5938   51.7007
  QMMM:    18       18      C        9.7068    7.5042   51.3962
  QMMM:    19       19      C        8.5081    7.4148   50.9435
  QMMM:    20       20      C        7.8000    8.5450   50.7045
  QMMM:    21       21      C        8.3768    9.7531   50.9503
  QMMM:    22       22      O        6.4280    8.4960   50.1877
  QMMM:    23       23      C        5.4220    9.0216   49.8223

           --------- Calculation Completed ----------

